{
"/Users/acharantimath/Documents/github-projects/SAP Hackerearth/src/tmp/app/navbar/navbar.component.js":{"path":"/Users/acharantimath/Documents/github-projects/SAP Hackerearth/src/tmp/app/navbar/navbar.component.js","s":{"1":1,"2":3,"3":3,"4":0,"5":3,"6":6,"7":6,"8":3,"9":1,"10":3,"11":3,"12":1,"13":1,"14":1,"15":1,"16":1,"17":1,"18":1,"19":1,"20":1},"b":{"1":[1,1,1],"2":[1,2],"3":[0,2],"4":[0,3],"5":[3,3],"6":[6,0],"7":[6,5],"8":[2,4],"9":[4,0],"10":[3,2,0],"11":[1,1,1],"12":[3,0],"13":[3,3]},"f":{"1":3,"2":3,"3":1,"4":1},"fnMap":{"1":{"name":"(anonymous_1)","line":2,"loc":{"start":{"line":2,"column":46},"end":{"line":2,"column":87}}},"2":{"name":"(anonymous_2)","line":8,"loc":{"start":{"line":8,"column":46},"end":{"line":8,"column":62}}},"3":{"name":"(anonymous_3)","line":13,"loc":{"start":{"line":13,"column":23},"end":{"line":13,"column":35}}},"4":{"name":"NavbarComponent","line":14,"loc":{"start":{"line":14,"column":4},"end":{"line":14,"column":31}}}},"statementMap":{"1":{"start":{"line":2,"column":0},"end":{"line":7,"column":2}},"2":{"start":{"line":3,"column":4},"end":{"line":3,"column":129}},"3":{"start":{"line":4,"column":4},"end":{"line":5,"column":150}},"4":{"start":{"line":4,"column":79},"end":{"line":4,"column":131}},"5":{"start":{"line":5,"column":9},"end":{"line":5,"column":150}},"6":{"start":{"line":5,"column":58},"end":{"line":5,"column":150}},"7":{"start":{"line":5,"column":81},"end":{"line":5,"column":150}},"8":{"start":{"line":6,"column":4},"end":{"line":6,"column":66}},"9":{"start":{"line":8,"column":0},"end":{"line":10,"column":2}},"10":{"start":{"line":9,"column":4},"end":{"line":9,"column":109}},"11":{"start":{"line":9,"column":79},"end":{"line":9,"column":109}},"12":{"start":{"line":11,"column":0},"end":{"line":11,"column":38}},"13":{"start":{"line":12,"column":0},"end":{"line":12,"column":42}},"14":{"start":{"line":13,"column":0},"end":{"line":35,"column":5}},"15":{"start":{"line":14,"column":4},"end":{"line":15,"column":5}},"16":{"start":{"line":16,"column":4},"end":{"line":19,"column":51}},"17":{"start":{"line":20,"column":4},"end":{"line":23,"column":49}},"18":{"start":{"line":24,"column":4},"end":{"line":33,"column":24}},"19":{"start":{"line":34,"column":4},"end":{"line":34,"column":27}},"20":{"start":{"line":36,"column":0},"end":{"line":36,"column":42}}},"branchMap":{"1":{"line":2,"type":"binary-expr","locations":[{"start":{"line":2,"column":18},"end":{"line":2,"column":22}},{"start":{"line":2,"column":26},"end":{"line":2,"column":41}},{"start":{"line":2,"column":46},"end":{"line":7,"column":1}}]},"2":{"line":3,"type":"cond-expr","locations":[{"start":{"line":3,"column":42},"end":{"line":3,"column":48}},{"start":{"line":3,"column":51},"end":{"line":3,"column":125}}]},"3":{"line":3,"type":"cond-expr","locations":[{"start":{"line":3,"column":67},"end":{"line":3,"column":118}},{"start":{"line":3,"column":121},"end":{"line":3,"column":125}}]},"4":{"line":4,"type":"if","locations":[{"start":{"line":4,"column":4},"end":{"line":4,"column":4}},{"start":{"line":4,"column":4},"end":{"line":4,"column":4}}]},"5":{"line":4,"type":"binary-expr","locations":[{"start":{"line":4,"column":8},"end":{"line":4,"column":35}},{"start":{"line":4,"column":39},"end":{"line":4,"column":77}}]},"6":{"line":5,"type":"if","locations":[{"start":{"line":5,"column":58},"end":{"line":5,"column":58}},{"start":{"line":5,"column":58},"end":{"line":5,"column":58}}]},"7":{"line":5,"type":"binary-expr","locations":[{"start":{"line":5,"column":86},"end":{"line":5,"column":143}},{"start":{"line":5,"column":148},"end":{"line":5,"column":149}}]},"8":{"line":5,"type":"cond-expr","locations":[{"start":{"line":5,"column":94},"end":{"line":5,"column":98}},{"start":{"line":5,"column":101},"end":{"line":5,"column":143}}]},"9":{"line":5,"type":"cond-expr","locations":[{"start":{"line":5,"column":109},"end":{"line":5,"column":126}},{"start":{"line":5,"column":129},"end":{"line":5,"column":143}}]},"10":{"line":6,"type":"binary-expr","locations":[{"start":{"line":6,"column":11},"end":{"line":6,"column":16}},{"start":{"line":6,"column":20},"end":{"line":6,"column":21}},{"start":{"line":6,"column":25},"end":{"line":6,"column":62}}]},"11":{"line":8,"type":"binary-expr","locations":[{"start":{"line":8,"column":18},"end":{"line":8,"column":22}},{"start":{"line":8,"column":26},"end":{"line":8,"column":41}},{"start":{"line":8,"column":46},"end":{"line":10,"column":1}}]},"12":{"line":9,"type":"if","locations":[{"start":{"line":9,"column":4},"end":{"line":9,"column":4}},{"start":{"line":9,"column":4},"end":{"line":9,"column":4}}]},"13":{"line":9,"type":"binary-expr","locations":[{"start":{"line":9,"column":8},"end":{"line":9,"column":35}},{"start":{"line":9,"column":39},"end":{"line":9,"column":77}}]}},"l":{"2":1,"3":3,"4":3,"5":6,"6":3,"8":1,"9":3,"11":1,"12":1,"13":1,"14":1,"16":1,"20":1,"24":1,"34":1,"36":1}},
"/Users/acharantimath/Documents/github-projects/SAP Hackerearth/src/tmp/app/home/mock-repos.js":{"path":"/Users/acharantimath/Documents/github-projects/SAP Hackerearth/src/tmp/app/home/mock-repos.js","s":{"1":1},"b":{},"f":{},"fnMap":{},"statementMap":{"1":{"start":{"line":2,"column":0},"end":{"line":178,"column":7}}},"branchMap":{},"l":{"2":1}},
"/Users/acharantimath/Documents/github-projects/SAP Hackerearth/src/tmp/app/home/github.service.js":{"path":"/Users/acharantimath/Documents/github-projects/SAP Hackerearth/src/tmp/app/home/github.service.js","s":{"1":1,"2":1,"3":1,"4":0,"5":1,"6":2,"7":2,"8":1,"9":1,"10":1,"11":1,"12":1,"13":1,"14":1,"15":1,"16":1,"17":4,"18":1,"19":3,"20":1,"21":0,"22":1,"23":0,"24":1,"25":2,"26":1,"27":0,"28":1,"29":0,"30":1,"31":0,"32":0,"33":1,"34":0,"35":1,"36":2,"37":2,"38":1,"39":1,"40":1,"41":1,"42":1,"43":1,"44":1},"b":{"1":[1,1,1],"2":[1,0],"3":[0,0],"4":[0,1],"5":[1,1],"6":[2,0],"7":[2,1],"8":[2,0],"9":[0,0],"10":[1,0,0],"11":[1,1,1],"12":[1,0],"13":[1,1],"14":[2,0],"15":[1,0],"16":[0,0]},"f":{"1":1,"2":1,"3":1,"4":4,"5":3,"6":0,"7":0,"8":2,"9":0,"10":0,"11":0,"12":0,"13":2,"14":1},"fnMap":{"1":{"name":"(anonymous_1)","line":2,"loc":{"start":{"line":2,"column":46},"end":{"line":2,"column":87}}},"2":{"name":"(anonymous_2)","line":8,"loc":{"start":{"line":8,"column":46},"end":{"line":8,"column":62}}},"3":{"name":"(anonymous_3)","line":14,"loc":{"start":{"line":14,"column":27},"end":{"line":14,"column":39}}},"4":{"name":"GithubSearchService","line":15,"loc":{"start":{"line":15,"column":4},"end":{"line":15,"column":39}}},"5":{"name":"(anonymous_5)","line":18,"loc":{"start":{"line":18,"column":48},"end":{"line":18,"column":80}}},"6":{"name":"(anonymous_6)","line":22,"loc":{"start":{"line":22,"column":52},"end":{"line":22,"column":64}}},"7":{"name":"(anonymous_7)","line":25,"loc":{"start":{"line":25,"column":52},"end":{"line":25,"column":64}}},"8":{"name":"(anonymous_8)","line":28,"loc":{"start":{"line":28,"column":55},"end":{"line":28,"column":87}}},"9":{"name":"(anonymous_9)","line":33,"loc":{"start":{"line":33,"column":52},"end":{"line":33,"column":64}}},"10":{"name":"(anonymous_10)","line":38,"loc":{"start":{"line":38,"column":52},"end":{"line":38,"column":64}}},"11":{"name":"(anonymous_11)","line":43,"loc":{"start":{"line":43,"column":51},"end":{"line":43,"column":71}}},"12":{"name":"(anonymous_12)","line":47,"loc":{"start":{"line":47,"column":46},"end":{"line":47,"column":62}}},"13":{"name":"(anonymous_13)","line":50,"loc":{"start":{"line":50,"column":47},"end":{"line":50,"column":67}}},"14":{"name":"(anonymous_14)","line":54,"loc":{"start":{"line":54,"column":48},"end":{"line":54,"column":65}}}},"statementMap":{"1":{"start":{"line":2,"column":0},"end":{"line":7,"column":2}},"2":{"start":{"line":3,"column":4},"end":{"line":3,"column":129}},"3":{"start":{"line":4,"column":4},"end":{"line":5,"column":150}},"4":{"start":{"line":4,"column":79},"end":{"line":4,"column":131}},"5":{"start":{"line":5,"column":9},"end":{"line":5,"column":150}},"6":{"start":{"line":5,"column":58},"end":{"line":5,"column":150}},"7":{"start":{"line":5,"column":81},"end":{"line":5,"column":150}},"8":{"start":{"line":6,"column":4},"end":{"line":6,"column":66}},"9":{"start":{"line":8,"column":0},"end":{"line":10,"column":2}},"10":{"start":{"line":9,"column":4},"end":{"line":9,"column":109}},"11":{"start":{"line":9,"column":79},"end":{"line":9,"column":109}},"12":{"start":{"line":11,"column":0},"end":{"line":11,"column":38}},"13":{"start":{"line":12,"column":0},"end":{"line":12,"column":38}},"14":{"start":{"line":13,"column":0},"end":{"line":13,"column":30}},"15":{"start":{"line":14,"column":0},"end":{"line":65,"column":5}},"16":{"start":{"line":15,"column":4},"end":{"line":17,"column":5}},"17":{"start":{"line":16,"column":8},"end":{"line":16,"column":25}},"18":{"start":{"line":18,"column":4},"end":{"line":21,"column":6}},"19":{"start":{"line":20,"column":8},"end":{"line":20,"column":108}},"20":{"start":{"line":22,"column":4},"end":{"line":24,"column":6}},"21":{"start":{"line":23,"column":8},"end":{"line":23,"column":51}},"22":{"start":{"line":25,"column":4},"end":{"line":27,"column":6}},"23":{"start":{"line":26,"column":8},"end":{"line":26,"column":153}},"24":{"start":{"line":28,"column":4},"end":{"line":32,"column":6}},"25":{"start":{"line":29,"column":8},"end":{"line":31,"column":37}},"26":{"start":{"line":33,"column":4},"end":{"line":37,"column":6}},"27":{"start":{"line":34,"column":8},"end":{"line":36,"column":37}},"28":{"start":{"line":38,"column":4},"end":{"line":42,"column":6}},"29":{"start":{"line":39,"column":8},"end":{"line":41,"column":37}},"30":{"start":{"line":43,"column":4},"end":{"line":46,"column":6}},"31":{"start":{"line":44,"column":8},"end":{"line":44,"column":35}},"32":{"start":{"line":45,"column":8},"end":{"line":45,"column":37}},"33":{"start":{"line":47,"column":4},"end":{"line":49,"column":6}},"34":{"start":{"line":48,"column":8},"end":{"line":48,"column":27}},"35":{"start":{"line":50,"column":4},"end":{"line":53,"column":6}},"36":{"start":{"line":51,"column":8},"end":{"line":51,"column":35}},"37":{"start":{"line":52,"column":8},"end":{"line":52,"column":26}},"38":{"start":{"line":54,"column":4},"end":{"line":59,"column":6}},"39":{"start":{"line":55,"column":8},"end":{"line":56,"column":84}},"40":{"start":{"line":57,"column":8},"end":{"line":57,"column":30}},"41":{"start":{"line":58,"column":8},"end":{"line":58,"column":45}},"42":{"start":{"line":60,"column":4},"end":{"line":63,"column":28}},"43":{"start":{"line":64,"column":4},"end":{"line":64,"column":31}},"44":{"start":{"line":66,"column":0},"end":{"line":66,"column":50}}},"branchMap":{"1":{"line":2,"type":"binary-expr","locations":[{"start":{"line":2,"column":18},"end":{"line":2,"column":22}},{"start":{"line":2,"column":26},"end":{"line":2,"column":41}},{"start":{"line":2,"column":46},"end":{"line":7,"column":1}}]},"2":{"line":3,"type":"cond-expr","locations":[{"start":{"line":3,"column":42},"end":{"line":3,"column":48}},{"start":{"line":3,"column":51},"end":{"line":3,"column":125}}]},"3":{"line":3,"type":"cond-expr","locations":[{"start":{"line":3,"column":67},"end":{"line":3,"column":118}},{"start":{"line":3,"column":121},"end":{"line":3,"column":125}}]},"4":{"line":4,"type":"if","locations":[{"start":{"line":4,"column":4},"end":{"line":4,"column":4}},{"start":{"line":4,"column":4},"end":{"line":4,"column":4}}]},"5":{"line":4,"type":"binary-expr","locations":[{"start":{"line":4,"column":8},"end":{"line":4,"column":35}},{"start":{"line":4,"column":39},"end":{"line":4,"column":77}}]},"6":{"line":5,"type":"if","locations":[{"start":{"line":5,"column":58},"end":{"line":5,"column":58}},{"start":{"line":5,"column":58},"end":{"line":5,"column":58}}]},"7":{"line":5,"type":"binary-expr","locations":[{"start":{"line":5,"column":86},"end":{"line":5,"column":143}},{"start":{"line":5,"column":148},"end":{"line":5,"column":149}}]},"8":{"line":5,"type":"cond-expr","locations":[{"start":{"line":5,"column":94},"end":{"line":5,"column":98}},{"start":{"line":5,"column":101},"end":{"line":5,"column":143}}]},"9":{"line":5,"type":"cond-expr","locations":[{"start":{"line":5,"column":109},"end":{"line":5,"column":126}},{"start":{"line":5,"column":129},"end":{"line":5,"column":143}}]},"10":{"line":6,"type":"binary-expr","locations":[{"start":{"line":6,"column":11},"end":{"line":6,"column":16}},{"start":{"line":6,"column":20},"end":{"line":6,"column":21}},{"start":{"line":6,"column":25},"end":{"line":6,"column":62}}]},"11":{"line":8,"type":"binary-expr","locations":[{"start":{"line":8,"column":18},"end":{"line":8,"column":22}},{"start":{"line":8,"column":26},"end":{"line":8,"column":41}},{"start":{"line":8,"column":46},"end":{"line":10,"column":1}}]},"12":{"line":9,"type":"if","locations":[{"start":{"line":9,"column":4},"end":{"line":9,"column":4}},{"start":{"line":9,"column":4},"end":{"line":9,"column":4}}]},"13":{"line":9,"type":"binary-expr","locations":[{"start":{"line":9,"column":8},"end":{"line":9,"column":35}},{"start":{"line":9,"column":39},"end":{"line":9,"column":77}}]},"14":{"line":52,"type":"binary-expr","locations":[{"start":{"line":52,"column":15},"end":{"line":52,"column":19}},{"start":{"line":52,"column":23},"end":{"line":52,"column":25}}]},"15":{"line":55,"type":"cond-expr","locations":[{"start":{"line":55,"column":39},"end":{"line":55,"column":52}},{"start":{"line":56,"column":12},"end":{"line":56,"column":83}}]},"16":{"line":56,"type":"cond-expr","locations":[{"start":{"line":56,"column":27},"end":{"line":56,"column":66}},{"start":{"line":56,"column":69},"end":{"line":56,"column":83}}]}},"l":{"2":1,"3":1,"4":1,"5":2,"6":1,"8":1,"9":1,"11":1,"12":1,"13":1,"14":1,"15":1,"16":4,"18":1,"20":3,"22":1,"23":0,"25":1,"26":0,"28":1,"29":2,"33":1,"34":0,"38":1,"39":0,"43":1,"44":0,"45":0,"47":1,"48":0,"50":1,"51":2,"52":2,"54":1,"55":1,"57":1,"58":1,"60":1,"64":1,"66":1}},
"/Users/acharantimath/Documents/github-projects/SAP Hackerearth/src/tmp/app/app.component.js":{"path":"/Users/acharantimath/Documents/github-projects/SAP Hackerearth/src/tmp/app/app.component.js","s":{"1":1,"2":1,"3":1,"4":0,"5":1,"6":2,"7":2,"8":1,"9":1,"10":1,"11":1,"12":1,"13":1,"14":1,"15":1,"16":1,"17":1,"18":1,"19":2,"20":2,"21":1,"22":1,"23":1},"b":{"1":[1,1,1],"2":[1,0],"3":[0,0],"4":[0,1],"5":[1,1],"6":[2,0],"7":[2,1],"8":[2,0],"9":[0,0],"10":[1,0,0],"11":[1,1,1],"12":[1,0],"13":[1,1]},"f":{"1":1,"2":1,"3":1,"4":2},"fnMap":{"1":{"name":"(anonymous_1)","line":2,"loc":{"start":{"line":2,"column":46},"end":{"line":2,"column":87}}},"2":{"name":"(anonymous_2)","line":8,"loc":{"start":{"line":8,"column":46},"end":{"line":8,"column":62}}},"3":{"name":"(anonymous_3)","line":16,"loc":{"start":{"line":16,"column":20},"end":{"line":16,"column":32}}},"4":{"name":"AppComponent","line":17,"loc":{"start":{"line":17,"column":4},"end":{"line":17,"column":28}}}},"statementMap":{"1":{"start":{"line":2,"column":0},"end":{"line":7,"column":2}},"2":{"start":{"line":3,"column":4},"end":{"line":3,"column":129}},"3":{"start":{"line":4,"column":4},"end":{"line":5,"column":150}},"4":{"start":{"line":4,"column":79},"end":{"line":4,"column":131}},"5":{"start":{"line":5,"column":9},"end":{"line":5,"column":150}},"6":{"start":{"line":5,"column":58},"end":{"line":5,"column":150}},"7":{"start":{"line":5,"column":81},"end":{"line":5,"column":150}},"8":{"start":{"line":6,"column":4},"end":{"line":6,"column":66}},"9":{"start":{"line":8,"column":0},"end":{"line":10,"column":2}},"10":{"start":{"line":9,"column":4},"end":{"line":9,"column":109}},"11":{"start":{"line":9,"column":79},"end":{"line":9,"column":109}},"12":{"start":{"line":11,"column":0},"end":{"line":11,"column":38}},"13":{"start":{"line":12,"column":0},"end":{"line":12,"column":62}},"14":{"start":{"line":13,"column":0},"end":{"line":13,"column":56}},"15":{"start":{"line":14,"column":0},"end":{"line":14,"column":62}},"16":{"start":{"line":15,"column":0},"end":{"line":15,"column":35}},"17":{"start":{"line":16,"column":0},"end":{"line":30,"column":5}},"18":{"start":{"line":17,"column":4},"end":{"line":20,"column":5}},"19":{"start":{"line":18,"column":8},"end":{"line":18,"column":58}},"20":{"start":{"line":19,"column":8},"end":{"line":19,"column":58}},"21":{"start":{"line":21,"column":4},"end":{"line":28,"column":21}},"22":{"start":{"line":29,"column":4},"end":{"line":29,"column":24}},"23":{"start":{"line":31,"column":0},"end":{"line":31,"column":36}}},"branchMap":{"1":{"line":2,"type":"binary-expr","locations":[{"start":{"line":2,"column":18},"end":{"line":2,"column":22}},{"start":{"line":2,"column":26},"end":{"line":2,"column":41}},{"start":{"line":2,"column":46},"end":{"line":7,"column":1}}]},"2":{"line":3,"type":"cond-expr","locations":[{"start":{"line":3,"column":42},"end":{"line":3,"column":48}},{"start":{"line":3,"column":51},"end":{"line":3,"column":125}}]},"3":{"line":3,"type":"cond-expr","locations":[{"start":{"line":3,"column":67},"end":{"line":3,"column":118}},{"start":{"line":3,"column":121},"end":{"line":3,"column":125}}]},"4":{"line":4,"type":"if","locations":[{"start":{"line":4,"column":4},"end":{"line":4,"column":4}},{"start":{"line":4,"column":4},"end":{"line":4,"column":4}}]},"5":{"line":4,"type":"binary-expr","locations":[{"start":{"line":4,"column":8},"end":{"line":4,"column":35}},{"start":{"line":4,"column":39},"end":{"line":4,"column":77}}]},"6":{"line":5,"type":"if","locations":[{"start":{"line":5,"column":58},"end":{"line":5,"column":58}},{"start":{"line":5,"column":58},"end":{"line":5,"column":58}}]},"7":{"line":5,"type":"binary-expr","locations":[{"start":{"line":5,"column":86},"end":{"line":5,"column":143}},{"start":{"line":5,"column":148},"end":{"line":5,"column":149}}]},"8":{"line":5,"type":"cond-expr","locations":[{"start":{"line":5,"column":94},"end":{"line":5,"column":98}},{"start":{"line":5,"column":101},"end":{"line":5,"column":143}}]},"9":{"line":5,"type":"cond-expr","locations":[{"start":{"line":5,"column":109},"end":{"line":5,"column":126}},{"start":{"line":5,"column":129},"end":{"line":5,"column":143}}]},"10":{"line":6,"type":"binary-expr","locations":[{"start":{"line":6,"column":11},"end":{"line":6,"column":16}},{"start":{"line":6,"column":20},"end":{"line":6,"column":21}},{"start":{"line":6,"column":25},"end":{"line":6,"column":62}}]},"11":{"line":8,"type":"binary-expr","locations":[{"start":{"line":8,"column":18},"end":{"line":8,"column":22}},{"start":{"line":8,"column":26},"end":{"line":8,"column":41}},{"start":{"line":8,"column":46},"end":{"line":10,"column":1}}]},"12":{"line":9,"type":"if","locations":[{"start":{"line":9,"column":4},"end":{"line":9,"column":4}},{"start":{"line":9,"column":4},"end":{"line":9,"column":4}}]},"13":{"line":9,"type":"binary-expr","locations":[{"start":{"line":9,"column":8},"end":{"line":9,"column":35}},{"start":{"line":9,"column":39},"end":{"line":9,"column":77}}]}},"l":{"2":1,"3":1,"4":1,"5":2,"6":1,"8":1,"9":1,"11":1,"12":1,"13":1,"14":1,"15":1,"16":1,"17":1,"18":2,"19":2,"21":1,"29":1,"31":1}},
"/Users/acharantimath/Documents/github-projects/SAP Hackerearth/src/tmp/app/home/home.component.js":{"path":"/Users/acharantimath/Documents/github-projects/SAP Hackerearth/src/tmp/app/home/home.component.js","s":{"1":1,"2":1,"3":1,"4":0,"5":1,"6":2,"7":2,"8":1,"9":1,"10":1,"11":1,"12":1,"13":1,"14":1,"15":1,"16":1,"17":1,"18":0,"19":0,"20":0,"21":0,"22":0,"23":0,"24":0,"25":0,"26":0,"27":0,"28":0,"29":0,"30":0,"31":0,"32":0,"33":0,"34":1,"35":0,"36":0,"37":0,"38":1,"39":0,"40":1,"41":0,"42":0,"43":0,"44":1,"45":0,"46":0,"47":1,"48":0,"49":0,"50":0,"51":0,"52":0,"53":0,"54":0,"55":0,"56":0,"57":0,"58":0,"59":1,"60":0,"61":1,"62":0,"63":1,"64":0,"65":0,"66":1,"67":0,"68":1,"69":0,"70":0,"71":0,"72":0,"73":1,"74":0,"75":0,"76":0,"77":0,"78":0,"79":1,"80":0,"81":0,"82":1,"83":0,"84":0,"85":0,"86":0,"87":1,"88":0,"89":0,"90":0,"91":0,"92":0,"93":1,"94":0,"95":0,"96":0,"97":1,"98":0,"99":0,"100":0,"101":0,"102":0,"103":0,"104":0,"105":0,"106":0,"107":0,"108":0,"109":1,"110":1,"111":1},"b":{"1":[1,1,1],"2":[1,0],"3":[0,0],"4":[0,1],"5":[1,1],"6":[2,0],"7":[2,1],"8":[2,0],"9":[0,0],"10":[1,0,0],"11":[1,1,1],"12":[1,0],"13":[1,1],"14":[0,0]},"f":{"1":1,"2":1,"3":1,"4":0,"5":0,"6":0,"7":0,"8":0,"9":0,"10":0,"11":0,"12":0,"13":0,"14":0,"15":0,"16":0,"17":0,"18":0,"19":0,"20":0,"21":0,"22":0,"23":0,"24":0,"25":0,"26":0,"27":0},"fnMap":{"1":{"name":"(anonymous_1)","line":2,"loc":{"start":{"line":2,"column":46},"end":{"line":2,"column":87}}},"2":{"name":"(anonymous_2)","line":8,"loc":{"start":{"line":8,"column":46},"end":{"line":8,"column":62}}},"3":{"name":"(anonymous_3)","line":15,"loc":{"start":{"line":15,"column":21},"end":{"line":15,"column":33}}},"4":{"name":"HomeComponent","line":16,"loc":{"start":{"line":16,"column":4},"end":{"line":16,"column":60}}},"5":{"name":"(anonymous_5)","line":34,"loc":{"start":{"line":34,"column":39},"end":{"line":34,"column":51}}},"6":{"name":"(anonymous_6)","line":39,"loc":{"start":{"line":39,"column":41},"end":{"line":39,"column":63}}},"7":{"name":"(anonymous_7)","line":43,"loc":{"start":{"line":43,"column":44},"end":{"line":43,"column":56}}},"8":{"name":"(anonymous_8)","line":48,"loc":{"start":{"line":48,"column":41},"end":{"line":48,"column":53}}},"9":{"name":"(anonymous_9)","line":52,"loc":{"start":{"line":52,"column":38},"end":{"line":52,"column":55}}},"10":{"name":"(anonymous_10)","line":68,"loc":{"start":{"line":68,"column":36},"end":{"line":68,"column":53}}},"11":{"name":"(anonymous_11)","line":71,"loc":{"start":{"line":71,"column":45},"end":{"line":71,"column":57}}},"12":{"name":"(anonymous_12)","line":75,"loc":{"start":{"line":75,"column":47},"end":{"line":75,"column":67}}},"13":{"name":"(anonymous_13)","line":79,"loc":{"start":{"line":79,"column":47},"end":{"line":79,"column":64}}},"14":{"name":"(anonymous_14)","line":82,"loc":{"start":{"line":82,"column":46},"end":{"line":82,"column":58}}},"15":{"name":"(anonymous_15)","line":88,"loc":{"start":{"line":88,"column":42},"end":{"line":88,"column":54}}},"16":{"name":"(anonymous_16)","line":96,"loc":{"start":{"line":96,"column":48},"end":{"line":96,"column":65}}},"17":{"name":"(anonymous_17)","line":97,"loc":{"start":{"line":97,"column":47},"end":{"line":97,"column":63}}},"18":{"name":"(anonymous_18)","line":101,"loc":{"start":{"line":101,"column":44},"end":{"line":101,"column":56}}},"19":{"name":"(anonymous_19)","line":102,"loc":{"start":{"line":102,"column":45},"end":{"line":102,"column":69}}},"20":{"name":"(anonymous_20)","line":109,"loc":{"start":{"line":109,"column":43},"end":{"line":109,"column":55}}},"21":{"name":"(anonymous_21)","line":110,"loc":{"start":{"line":110,"column":45},"end":{"line":110,"column":69}}},"22":{"name":"(anonymous_22)","line":118,"loc":{"start":{"line":118,"column":52},"end":{"line":118,"column":65}}},"23":{"name":"(anonymous_23)","line":123,"loc":{"start":{"line":123,"column":46},"end":{"line":123,"column":58}}},"24":{"name":"(anonymous_24)","line":127,"loc":{"start":{"line":127,"column":61},"end":{"line":127,"column":77}}},"25":{"name":"(anonymous_25)","line":131,"loc":{"start":{"line":131,"column":24},"end":{"line":131,"column":45}}},"26":{"name":"(anonymous_26)","line":136,"loc":{"start":{"line":136,"column":22},"end":{"line":136,"column":39}}},"27":{"name":"(anonymous_27)","line":145,"loc":{"start":{"line":145,"column":19},"end":{"line":145,"column":40}}}},"statementMap":{"1":{"start":{"line":2,"column":0},"end":{"line":7,"column":2}},"2":{"start":{"line":3,"column":4},"end":{"line":3,"column":129}},"3":{"start":{"line":4,"column":4},"end":{"line":5,"column":150}},"4":{"start":{"line":4,"column":79},"end":{"line":4,"column":131}},"5":{"start":{"line":5,"column":9},"end":{"line":5,"column":150}},"6":{"start":{"line":5,"column":58},"end":{"line":5,"column":150}},"7":{"start":{"line":5,"column":81},"end":{"line":5,"column":150}},"8":{"start":{"line":6,"column":4},"end":{"line":6,"column":66}},"9":{"start":{"line":8,"column":0},"end":{"line":10,"column":2}},"10":{"start":{"line":9,"column":4},"end":{"line":9,"column":109}},"11":{"start":{"line":9,"column":79},"end":{"line":9,"column":109}},"12":{"start":{"line":11,"column":0},"end":{"line":11,"column":38}},"13":{"start":{"line":12,"column":0},"end":{"line":12,"column":35}},"14":{"start":{"line":13,"column":0},"end":{"line":13,"column":51}},"15":{"start":{"line":14,"column":0},"end":{"line":14,"column":36}},"16":{"start":{"line":15,"column":0},"end":{"line":164,"column":5}},"17":{"start":{"line":16,"column":4},"end":{"line":33,"column":5}},"18":{"start":{"line":17,"column":8},"end":{"line":17,"column":55}},"19":{"start":{"line":18,"column":8},"end":{"line":18,"column":24}},"20":{"start":{"line":19,"column":8},"end":{"line":19,"column":32}},"21":{"start":{"line":20,"column":8},"end":{"line":20,"column":31}},"22":{"start":{"line":21,"column":8},"end":{"line":21,"column":45}},"23":{"start":{"line":22,"column":8},"end":{"line":22,"column":30}},"24":{"start":{"line":23,"column":8},"end":{"line":23,"column":29}},"25":{"start":{"line":24,"column":8},"end":{"line":24,"column":28}},"26":{"start":{"line":25,"column":8},"end":{"line":25,"column":27}},"27":{"start":{"line":26,"column":8},"end":{"line":26,"column":28}},"28":{"start":{"line":27,"column":8},"end":{"line":27,"column":33}},"29":{"start":{"line":28,"column":8},"end":{"line":28,"column":32}},"30":{"start":{"line":29,"column":8},"end":{"line":29,"column":36}},"31":{"start":{"line":30,"column":8},"end":{"line":30,"column":36}},"32":{"start":{"line":31,"column":8},"end":{"line":31,"column":37}},"33":{"start":{"line":32,"column":8},"end":{"line":32,"column":51}},"34":{"start":{"line":34,"column":4},"end":{"line":38,"column":6}},"35":{"start":{"line":35,"column":8},"end":{"line":35,"column":29}},"36":{"start":{"line":36,"column":8},"end":{"line":36,"column":26}},"37":{"start":{"line":37,"column":8},"end":{"line":37,"column":41}},"38":{"start":{"line":39,"column":4},"end":{"line":42,"column":6}},"39":{"start":{"line":40,"column":8},"end":{"line":41,"column":71}},"40":{"start":{"line":43,"column":4},"end":{"line":47,"column":6}},"41":{"start":{"line":44,"column":8},"end":{"line":44,"column":32}},"42":{"start":{"line":45,"column":8},"end":{"line":45,"column":26}},"43":{"start":{"line":46,"column":8},"end":{"line":46,"column":41}},"44":{"start":{"line":48,"column":4},"end":{"line":51,"column":6}},"45":{"start":{"line":49,"column":8},"end":{"line":49,"column":24}},"46":{"start":{"line":50,"column":8},"end":{"line":50,"column":32}},"47":{"start":{"line":52,"column":4},"end":{"line":67,"column":6}},"48":{"start":{"line":53,"column":8},"end":{"line":53,"column":52}},"49":{"start":{"line":54,"column":8},"end":{"line":54,"column":40}},"50":{"start":{"line":55,"column":8},"end":{"line":55,"column":43}},"51":{"start":{"line":56,"column":8},"end":{"line":56,"column":29}},"52":{"start":{"line":57,"column":8},"end":{"line":63,"column":9}},"53":{"start":{"line":58,"column":12},"end":{"line":58,"column":32}},"54":{"start":{"line":61,"column":12},"end":{"line":61,"column":33}},"55":{"start":{"line":62,"column":12},"end":{"line":62,"column":35}},"56":{"start":{"line":64,"column":8},"end":{"line":64,"column":30}},"57":{"start":{"line":65,"column":8},"end":{"line":65,"column":33}},"58":{"start":{"line":66,"column":8},"end":{"line":66,"column":30}},"59":{"start":{"line":68,"column":4},"end":{"line":70,"column":6}},"60":{"start":{"line":69,"column":8},"end":{"line":69,"column":27}},"61":{"start":{"line":71,"column":4},"end":{"line":74,"column":6}},"62":{"start":{"line":72,"column":8},"end":{"line":73,"column":91}},"63":{"start":{"line":75,"column":4},"end":{"line":78,"column":6}},"64":{"start":{"line":76,"column":8},"end":{"line":76,"column":45}},"65":{"start":{"line":77,"column":8},"end":{"line":77,"column":58}},"66":{"start":{"line":79,"column":4},"end":{"line":81,"column":6}},"67":{"start":{"line":80,"column":8},"end":{"line":80,"column":66}},"68":{"start":{"line":82,"column":4},"end":{"line":87,"column":6}},"69":{"start":{"line":83,"column":8},"end":{"line":83,"column":59}},"70":{"start":{"line":84,"column":8},"end":{"line":84,"column":48}},"71":{"start":{"line":85,"column":8},"end":{"line":85,"column":67}},"72":{"start":{"line":86,"column":8},"end":{"line":86,"column":69}},"73":{"start":{"line":88,"column":4},"end":{"line":94,"column":6}},"74":{"start":{"line":89,"column":8},"end":{"line":89,"column":30}},"75":{"start":{"line":90,"column":8},"end":{"line":90,"column":28}},"76":{"start":{"line":91,"column":8},"end":{"line":91,"column":29}},"77":{"start":{"line":92,"column":8},"end":{"line":92,"column":26}},"78":{"start":{"line":93,"column":8},"end":{"line":93,"column":27}},"79":{"start":{"line":96,"column":4},"end":{"line":100,"column":6}},"80":{"start":{"line":97,"column":8},"end":{"line":99,"column":11}},"81":{"start":{"line":98,"column":12},"end":{"line":98,"column":50}},"82":{"start":{"line":101,"column":4},"end":{"line":108,"column":6}},"83":{"start":{"line":102,"column":8},"end":{"line":105,"column":11}},"84":{"start":{"line":104,"column":12},"end":{"line":104,"column":67}},"85":{"start":{"line":106,"column":8},"end":{"line":106,"column":36}},"86":{"start":{"line":107,"column":8},"end":{"line":107,"column":36}},"87":{"start":{"line":109,"column":4},"end":{"line":117,"column":6}},"88":{"start":{"line":110,"column":8},"end":{"line":113,"column":11}},"89":{"start":{"line":112,"column":12},"end":{"line":112,"column":67}},"90":{"start":{"line":114,"column":8},"end":{"line":114,"column":32}},"91":{"start":{"line":115,"column":8},"end":{"line":115,"column":35}},"92":{"start":{"line":116,"column":8},"end":{"line":116,"column":37}},"93":{"start":{"line":118,"column":4},"end":{"line":122,"column":6}},"94":{"start":{"line":119,"column":8},"end":{"line":119,"column":48}},"95":{"start":{"line":120,"column":8},"end":{"line":120,"column":47}},"96":{"start":{"line":121,"column":8},"end":{"line":121,"column":79}},"97":{"start":{"line":123,"column":4},"end":{"line":150,"column":6}},"98":{"start":{"line":124,"column":8},"end":{"line":124,"column":25}},"99":{"start":{"line":125,"column":8},"end":{"line":125,"column":24}},"100":{"start":{"line":127,"column":8},"end":{"line":138,"column":22}},"101":{"start":{"line":128,"column":12},"end":{"line":128,"column":37}},"102":{"start":{"line":129,"column":12},"end":{"line":135,"column":15}},"103":{"start":{"line":132,"column":20},"end":{"line":132,"column":47}},"104":{"start":{"line":133,"column":20},"end":{"line":133,"column":52}},"105":{"start":{"line":137,"column":12},"end":{"line":137,"column":66}},"106":{"start":{"line":140,"column":8},"end":{"line":149,"column":11}},"107":{"start":{"line":146,"column":16},"end":{"line":146,"column":46}},"108":{"start":{"line":147,"column":16},"end":{"line":147,"column":50}},"109":{"start":{"line":151,"column":4},"end":{"line":162,"column":22}},"110":{"start":{"line":163,"column":4},"end":{"line":163,"column":25}},"111":{"start":{"line":165,"column":0},"end":{"line":165,"column":38}}},"branchMap":{"1":{"line":2,"type":"binary-expr","locations":[{"start":{"line":2,"column":18},"end":{"line":2,"column":22}},{"start":{"line":2,"column":26},"end":{"line":2,"column":41}},{"start":{"line":2,"column":46},"end":{"line":7,"column":1}}]},"2":{"line":3,"type":"cond-expr","locations":[{"start":{"line":3,"column":42},"end":{"line":3,"column":48}},{"start":{"line":3,"column":51},"end":{"line":3,"column":125}}]},"3":{"line":3,"type":"cond-expr","locations":[{"start":{"line":3,"column":67},"end":{"line":3,"column":118}},{"start":{"line":3,"column":121},"end":{"line":3,"column":125}}]},"4":{"line":4,"type":"if","locations":[{"start":{"line":4,"column":4},"end":{"line":4,"column":4}},{"start":{"line":4,"column":4},"end":{"line":4,"column":4}}]},"5":{"line":4,"type":"binary-expr","locations":[{"start":{"line":4,"column":8},"end":{"line":4,"column":35}},{"start":{"line":4,"column":39},"end":{"line":4,"column":77}}]},"6":{"line":5,"type":"if","locations":[{"start":{"line":5,"column":58},"end":{"line":5,"column":58}},{"start":{"line":5,"column":58},"end":{"line":5,"column":58}}]},"7":{"line":5,"type":"binary-expr","locations":[{"start":{"line":5,"column":86},"end":{"line":5,"column":143}},{"start":{"line":5,"column":148},"end":{"line":5,"column":149}}]},"8":{"line":5,"type":"cond-expr","locations":[{"start":{"line":5,"column":94},"end":{"line":5,"column":98}},{"start":{"line":5,"column":101},"end":{"line":5,"column":143}}]},"9":{"line":5,"type":"cond-expr","locations":[{"start":{"line":5,"column":109},"end":{"line":5,"column":126}},{"start":{"line":5,"column":129},"end":{"line":5,"column":143}}]},"10":{"line":6,"type":"binary-expr","locations":[{"start":{"line":6,"column":11},"end":{"line":6,"column":16}},{"start":{"line":6,"column":20},"end":{"line":6,"column":21}},{"start":{"line":6,"column":25},"end":{"line":6,"column":62}}]},"11":{"line":8,"type":"binary-expr","locations":[{"start":{"line":8,"column":18},"end":{"line":8,"column":22}},{"start":{"line":8,"column":26},"end":{"line":8,"column":41}},{"start":{"line":8,"column":46},"end":{"line":10,"column":1}}]},"12":{"line":9,"type":"if","locations":[{"start":{"line":9,"column":4},"end":{"line":9,"column":4}},{"start":{"line":9,"column":4},"end":{"line":9,"column":4}}]},"13":{"line":9,"type":"binary-expr","locations":[{"start":{"line":9,"column":8},"end":{"line":9,"column":35}},{"start":{"line":9,"column":39},"end":{"line":9,"column":77}}]},"14":{"line":57,"type":"if","locations":[{"start":{"line":57,"column":8},"end":{"line":57,"column":8}},{"start":{"line":57,"column":8},"end":{"line":57,"column":8}}]}},"l":{"2":1,"3":1,"4":1,"5":2,"6":1,"8":1,"9":1,"11":1,"12":1,"13":1,"14":1,"15":1,"16":1,"17":0,"18":0,"19":0,"20":0,"21":0,"22":0,"23":0,"24":0,"25":0,"26":0,"27":0,"28":0,"29":0,"30":0,"31":0,"32":0,"34":1,"35":0,"36":0,"37":0,"39":1,"40":0,"43":1,"44":0,"45":0,"46":0,"48":1,"49":0,"50":0,"52":1,"53":0,"54":0,"55":0,"56":0,"57":0,"58":0,"61":0,"62":0,"64":0,"65":0,"66":0,"68":1,"69":0,"71":1,"72":0,"75":1,"76":0,"77":0,"79":1,"80":0,"82":1,"83":0,"84":0,"85":0,"86":0,"88":1,"89":0,"90":0,"91":0,"92":0,"93":0,"96":1,"97":0,"98":0,"101":1,"102":0,"104":0,"106":0,"107":0,"109":1,"110":0,"112":0,"114":0,"115":0,"116":0,"118":1,"119":0,"120":0,"121":0,"123":1,"124":0,"125":0,"127":0,"128":0,"129":0,"132":0,"133":0,"137":0,"140":0,"146":0,"147":0,"151":1,"163":1,"165":1}},
"/Users/acharantimath/Documents/github-projects/SAP Hackerearth/src/tmp/app/home/search.js":{"path":"/Users/acharantimath/Documents/github-projects/SAP Hackerearth/src/tmp/app/home/search.js","s":{"1":1,"2":1,"3":0,"4":1,"5":1},"b":{},"f":{"1":1,"2":0},"fnMap":{"1":{"name":"(anonymous_1)","line":2,"loc":{"start":{"line":2,"column":14},"end":{"line":2,"column":26}}},"2":{"name":"Search","line":3,"loc":{"start":{"line":3,"column":4},"end":{"line":3,"column":26}}}},"statementMap":{"1":{"start":{"line":2,"column":0},"end":{"line":7,"column":5}},"2":{"start":{"line":3,"column":4},"end":{"line":5,"column":5}},"3":{"start":{"line":4,"column":8},"end":{"line":4,"column":25}},"4":{"start":{"line":6,"column":4},"end":{"line":6,"column":18}},"5":{"start":{"line":8,"column":0},"end":{"line":8,"column":24}}},"branchMap":{},"l":{"2":1,"3":1,"4":0,"6":1,"8":1}},
"/Users/acharantimath/Documents/github-projects/SAP Hackerearth/src/tmp/app/shared/index.js":{"path":"/Users/acharantimath/Documents/github-projects/SAP Hackerearth/src/tmp/app/shared/index.js","s":{"1":1,"2":1,"3":1,"4":1,"5":1},"b":{"1":[1,0]},"f":{"1":1},"fnMap":{"1":{"name":"__export","line":2,"loc":{"start":{"line":2,"column":0},"end":{"line":2,"column":21}}}},"statementMap":{"1":{"start":{"line":2,"column":0},"end":{"line":4,"column":1}},"2":{"start":{"line":3,"column":4},"end":{"line":3,"column":71}},"3":{"start":{"line":3,"column":21},"end":{"line":3,"column":71}},"4":{"start":{"line":3,"column":53},"end":{"line":3,"column":71}},"5":{"start":{"line":5,"column":0},"end":{"line":5,"column":38}}},"branchMap":{"1":{"line":3,"type":"if","locations":[{"start":{"line":3,"column":21},"end":{"line":3,"column":21}},{"start":{"line":3,"column":21},"end":{"line":3,"column":21}}]}},"l":{"2":1,"3":1,"5":1}},
"/Users/acharantimath/Documents/github-projects/SAP Hackerearth/src/tmp/app/shared/constant/index.js":{"path":"/Users/acharantimath/Documents/github-projects/SAP Hackerearth/src/tmp/app/shared/constant/index.js","s":{"1":1,"2":1},"b":{},"f":{},"fnMap":{},"statementMap":{"1":{"start":{"line":2,"column":0},"end":{"line":2,"column":31}},"2":{"start":{"line":3,"column":0},"end":{"line":5,"column":2}}},"branchMap":{},"l":{"2":1,"3":1}},
"/Users/acharantimath/Documents/github-projects/SAP Hackerearth/src/tmp/app/shared/constant/main.js":{"path":"/Users/acharantimath/Documents/github-projects/SAP Hackerearth/src/tmp/app/shared/constant/main.js","s":{"1":1},"b":{},"f":{},"fnMap":{},"statementMap":{"1":{"start":{"line":2,"column":0},"end":{"line":10,"column":2}}},"branchMap":{},"l":{"2":1}},
"/Users/acharantimath/Documents/github-projects/SAP Hackerearth/src/tmp/app/footer/footer.component.js":{"path":"/Users/acharantimath/Documents/github-projects/SAP Hackerearth/src/tmp/app/footer/footer.component.js","s":{"1":1,"2":1,"3":1,"4":0,"5":1,"6":2,"7":2,"8":1,"9":1,"10":1,"11":1,"12":1,"13":1,"14":1,"15":1,"16":1,"17":1},"b":{"1":[1,1,1],"2":[1,0],"3":[0,0],"4":[0,1],"5":[1,1],"6":[2,0],"7":[2,1],"8":[2,0],"9":[0,0],"10":[1,0,0],"11":[1,1,1],"12":[1,0],"13":[1,1]},"f":{"1":1,"2":1,"3":1,"4":0},"fnMap":{"1":{"name":"(anonymous_1)","line":2,"loc":{"start":{"line":2,"column":46},"end":{"line":2,"column":87}}},"2":{"name":"(anonymous_2)","line":8,"loc":{"start":{"line":8,"column":46},"end":{"line":8,"column":62}}},"3":{"name":"(anonymous_3)","line":12,"loc":{"start":{"line":12,"column":23},"end":{"line":12,"column":35}}},"4":{"name":"FooterComponent","line":13,"loc":{"start":{"line":13,"column":4},"end":{"line":13,"column":31}}}},"statementMap":{"1":{"start":{"line":2,"column":0},"end":{"line":7,"column":2}},"2":{"start":{"line":3,"column":4},"end":{"line":3,"column":129}},"3":{"start":{"line":4,"column":4},"end":{"line":5,"column":150}},"4":{"start":{"line":4,"column":79},"end":{"line":4,"column":131}},"5":{"start":{"line":5,"column":9},"end":{"line":5,"column":150}},"6":{"start":{"line":5,"column":58},"end":{"line":5,"column":150}},"7":{"start":{"line":5,"column":81},"end":{"line":5,"column":150}},"8":{"start":{"line":6,"column":4},"end":{"line":6,"column":66}},"9":{"start":{"line":8,"column":0},"end":{"line":10,"column":2}},"10":{"start":{"line":9,"column":4},"end":{"line":9,"column":109}},"11":{"start":{"line":9,"column":79},"end":{"line":9,"column":109}},"12":{"start":{"line":11,"column":0},"end":{"line":11,"column":38}},"13":{"start":{"line":12,"column":0},"end":{"line":24,"column":5}},"14":{"start":{"line":13,"column":4},"end":{"line":14,"column":5}},"15":{"start":{"line":15,"column":4},"end":{"line":22,"column":24}},"16":{"start":{"line":23,"column":4},"end":{"line":23,"column":27}},"17":{"start":{"line":25,"column":0},"end":{"line":25,"column":42}}},"branchMap":{"1":{"line":2,"type":"binary-expr","locations":[{"start":{"line":2,"column":18},"end":{"line":2,"column":22}},{"start":{"line":2,"column":26},"end":{"line":2,"column":41}},{"start":{"line":2,"column":46},"end":{"line":7,"column":1}}]},"2":{"line":3,"type":"cond-expr","locations":[{"start":{"line":3,"column":42},"end":{"line":3,"column":48}},{"start":{"line":3,"column":51},"end":{"line":3,"column":125}}]},"3":{"line":3,"type":"cond-expr","locations":[{"start":{"line":3,"column":67},"end":{"line":3,"column":118}},{"start":{"line":3,"column":121},"end":{"line":3,"column":125}}]},"4":{"line":4,"type":"if","locations":[{"start":{"line":4,"column":4},"end":{"line":4,"column":4}},{"start":{"line":4,"column":4},"end":{"line":4,"column":4}}]},"5":{"line":4,"type":"binary-expr","locations":[{"start":{"line":4,"column":8},"end":{"line":4,"column":35}},{"start":{"line":4,"column":39},"end":{"line":4,"column":77}}]},"6":{"line":5,"type":"if","locations":[{"start":{"line":5,"column":58},"end":{"line":5,"column":58}},{"start":{"line":5,"column":58},"end":{"line":5,"column":58}}]},"7":{"line":5,"type":"binary-expr","locations":[{"start":{"line":5,"column":86},"end":{"line":5,"column":143}},{"start":{"line":5,"column":148},"end":{"line":5,"column":149}}]},"8":{"line":5,"type":"cond-expr","locations":[{"start":{"line":5,"column":94},"end":{"line":5,"column":98}},{"start":{"line":5,"column":101},"end":{"line":5,"column":143}}]},"9":{"line":5,"type":"cond-expr","locations":[{"start":{"line":5,"column":109},"end":{"line":5,"column":126}},{"start":{"line":5,"column":129},"end":{"line":5,"column":143}}]},"10":{"line":6,"type":"binary-expr","locations":[{"start":{"line":6,"column":11},"end":{"line":6,"column":16}},{"start":{"line":6,"column":20},"end":{"line":6,"column":21}},{"start":{"line":6,"column":25},"end":{"line":6,"column":62}}]},"11":{"line":8,"type":"binary-expr","locations":[{"start":{"line":8,"column":18},"end":{"line":8,"column":22}},{"start":{"line":8,"column":26},"end":{"line":8,"column":41}},{"start":{"line":8,"column":46},"end":{"line":10,"column":1}}]},"12":{"line":9,"type":"if","locations":[{"start":{"line":9,"column":4},"end":{"line":9,"column":4}},{"start":{"line":9,"column":4},"end":{"line":9,"column":4}}]},"13":{"line":9,"type":"binary-expr","locations":[{"start":{"line":9,"column":8},"end":{"line":9,"column":35}},{"start":{"line":9,"column":39},"end":{"line":9,"column":77}}]}},"l":{"2":1,"3":1,"4":1,"5":2,"6":1,"8":1,"9":1,"11":1,"12":1,"13":1,"15":1,"23":1,"25":1}}}
