{
"/source/app/navbar/navbar.component.ts":{"path":"/source/app/navbar/navbar.component.ts","statementMap":{"1":{"start":{"line":1,"column":0},"end":{"line":1,"column":72}},"2":{"start":{"line":2,"column":0},"end":{"line":2,"column":48}},"3":{"start":{"line":11,"column":0},"end":{"line":14,"column":1}},"4":{"start":{"line":12,"column":4},"end":{"line":12,"column":12}},"5":{"start":{"line":13,"column":4},"end":{"line":13,"column":12}},"6":{"start":{"line":4,"column":0},"end":{"line":10,"column":2}},"7":{"start":{"line":14,"column":0},"end":{"line":14,"column":1}},"8":{"start":{"line":11,"column":13},"end":{"line":14,"column":1}}},"fnMap":{"1":{"name":"(anonymous_3)","line":11,"loc":{"start":{"line":11,"column":0},"end":{"line":null,"column":-1}}}},"branchMap":{},"s":{"1":1,"2":1,"3":2,"4":1,"5":1,"6":1,"7":1,"8":1},"b":{},"f":{"1":2},"code":"import {Component, Input, ChangeDetectionStrategy} from '@angular/core';\nimport {CORE_DIRECTIVES} from '@angular/common';\n\n@Component({\n    selector: 'as-navbar',\n    templateUrl: 'app/navbar/navbar.html',\n    styleUrls: ['app/navbar/navbar.css'],\n    changeDetection: ChangeDetectionStrategy.OnPush,\n    directives: [CORE_DIRECTIVES]\n})\nexport class NavbarComponent {\n    @Input() brand: string;\n    @Input() tag: string;\n}\n","l":{"1":1,"2":1,"4":1,"11":2,"12":1,"13":1,"14":1}},
"/source/app/home/mock-repos.ts":{"path":"/source/app/home/mock-repos.ts","statementMap":{"1":{"start":{"line":1,"column":11},"end":{"line":177,"column":5}}},"fnMap":{},"branchMap":{},"s":{"1":1},"b":{},"f":{},"code":"export var MOCK_REPOS = [\n  {\n    \"id\": 16456682,\n    \"name\": \"Ask-RG\",\n    \"full_name\": \"Ajeey/Ask-RG\",\n    \"owner\": {\n      \"login\": \"Ajeey\",\n      \"id\": 1799117,\n      \"avatar_url\": \"https://avatars.githubusercontent.com/u/1799117?v=3\",\n      \"gravatar_id\": \"\",\n      \"url\": \"https://api.github.com/users/Ajeey\",\n      \"html_url\": \"https://github.com/Ajeey\",\n      \"followers_url\": \"https://api.github.com/users/Ajeey/followers\",\n      \"following_url\": \"https://api.github.com/users/Ajeey/following{/other_user}\",\n      \"gists_url\": \"https://api.github.com/users/Ajeey/gists{/gist_id}\",\n      \"starred_url\": \"https://api.github.com/users/Ajeey/starred{/owner}{/repo}\",\n      \"subscriptions_url\": \"https://api.github.com/users/Ajeey/subscriptions\",\n      \"organizations_url\": \"https://api.github.com/users/Ajeey/orgs\",\n      \"repos_url\": \"https://api.github.com/users/Ajeey/repos\",\n      \"events_url\": \"https://api.github.com/users/Ajeey/events{/privacy}\",\n      \"received_events_url\": \"https://api.github.com/users/Ajeey/received_events\",\n      \"type\": \"User\",\n      \"site_admin\": false\n    },\n    \"private\": false,\n    \"html_url\": \"https://github.com/Ajeey/Ask-RG\",\n    \"description\": \"Ask RG all your questions..\",\n    \"fork\": false,\n    \"url\": \"https://api.github.com/repos/Ajeey/Ask-RG\",\n    \"forks_url\": \"https://api.github.com/repos/Ajeey/Ask-RG/forks\",\n    \"keys_url\": \"https://api.github.com/repos/Ajeey/Ask-RG/keys{/key_id}\",\n    \"collaborators_url\": \"https://api.github.com/repos/Ajeey/Ask-RG/collaborators{/collaborator}\",\n    \"teams_url\": \"https://api.github.com/repos/Ajeey/Ask-RG/teams\",\n    \"hooks_url\": \"https://api.github.com/repos/Ajeey/Ask-RG/hooks\",\n    \"issue_events_url\": \"https://api.github.com/repos/Ajeey/Ask-RG/issues/events{/number}\",\n    \"events_url\": \"https://api.github.com/repos/Ajeey/Ask-RG/events\",\n    \"assignees_url\": \"https://api.github.com/repos/Ajeey/Ask-RG/assignees{/user}\",\n    \"branches_url\": \"https://api.github.com/repos/Ajeey/Ask-RG/branches{/branch}\",\n    \"tags_url\": \"https://api.github.com/repos/Ajeey/Ask-RG/tags\",\n    \"blobs_url\": \"https://api.github.com/repos/Ajeey/Ask-RG/git/blobs{/sha}\",\n    \"git_tags_url\": \"https://api.github.com/repos/Ajeey/Ask-RG/git/tags{/sha}\",\n    \"git_refs_url\": \"https://api.github.com/repos/Ajeey/Ask-RG/git/refs{/sha}\",\n    \"trees_url\": \"https://api.github.com/repos/Ajeey/Ask-RG/git/trees{/sha}\",\n    \"statuses_url\": \"https://api.github.com/repos/Ajeey/Ask-RG/statuses/{sha}\",\n    \"languages_url\": \"https://api.github.com/repos/Ajeey/Ask-RG/languages\",\n    \"stargazers_url\": \"https://api.github.com/repos/Ajeey/Ask-RG/stargazers\",\n    \"contributors_url\": \"https://api.github.com/repos/Ajeey/Ask-RG/contributors\",\n    \"subscribers_url\": \"https://api.github.com/repos/Ajeey/Ask-RG/subscribers\",\n    \"subscription_url\": \"https://api.github.com/repos/Ajeey/Ask-RG/subscription\",\n    \"commits_url\": \"https://api.github.com/repos/Ajeey/Ask-RG/commits{/sha}\",\n    \"git_commits_url\": \"https://api.github.com/repos/Ajeey/Ask-RG/git/commits{/sha}\",\n    \"comments_url\": \"https://api.github.com/repos/Ajeey/Ask-RG/comments{/number}\",\n    \"issue_comment_url\": \"https://api.github.com/repos/Ajeey/Ask-RG/issues/comments{/number}\",\n    \"contents_url\": \"https://api.github.com/repos/Ajeey/Ask-RG/contents/{+path}\",\n    \"compare_url\": \"https://api.github.com/repos/Ajeey/Ask-RG/compare/{base}...{head}\",\n    \"merges_url\": \"https://api.github.com/repos/Ajeey/Ask-RG/merges\",\n    \"archive_url\": \"https://api.github.com/repos/Ajeey/Ask-RG/{archive_format}{/ref}\",\n    \"downloads_url\": \"https://api.github.com/repos/Ajeey/Ask-RG/downloads\",\n    \"issues_url\": \"https://api.github.com/repos/Ajeey/Ask-RG/issues{/number}\",\n    \"pulls_url\": \"https://api.github.com/repos/Ajeey/Ask-RG/pulls{/number}\",\n    \"milestones_url\": \"https://api.github.com/repos/Ajeey/Ask-RG/milestones{/number}\",\n    \"notifications_url\": \"https://api.github.com/repos/Ajeey/Ask-RG/notifications{?since,all,participating}\",\n    \"labels_url\": \"https://api.github.com/repos/Ajeey/Ask-RG/labels{/name}\",\n    \"releases_url\": \"https://api.github.com/repos/Ajeey/Ask-RG/releases{/id}\",\n    \"deployments_url\": \"https://api.github.com/repos/Ajeey/Ask-RG/deployments\",\n    \"created_at\": \"2014-02-02T15:14:57Z\",\n    \"updated_at\": \"2014-02-10T05:51:44Z\",\n    \"pushed_at\": \"2014-02-10T05:51:44Z\",\n    \"git_url\": \"git://github.com/Ajeey/Ask-RG.git\",\n    \"ssh_url\": \"git@github.com:Ajeey/Ask-RG.git\",\n    \"clone_url\": \"https://github.com/Ajeey/Ask-RG.git\",\n    \"svn_url\": \"https://github.com/Ajeey/Ask-RG\",\n    \"homepage\": null,\n    \"size\": 280,\n    \"stargazers_count\": 0,\n    \"watchers_count\": 0,\n    \"language\": \"Ruby\",\n    \"has_issues\": true,\n    \"has_downloads\": true,\n    \"has_wiki\": true,\n    \"has_pages\": false,\n    \"forks_count\": 0,\n    \"mirror_url\": null,\n    \"open_issues_count\": 0,\n    \"forks\": 0,\n    \"open_issues\": 0,\n    \"watchers\": 0,\n    \"default_branch\": \"master\"\n  },\n  {\n    \"id\": 15144298,\n    \"name\": \"backbone-app\",\n    \"full_name\": \"Ajeey/backbone-app\",\n    \"owner\": {\n      \"login\": \"Ajeey\",\n      \"id\": 1799117,\n      \"avatar_url\": \"https://avatars.githubusercontent.com/u/1799117?v=3\",\n      \"gravatar_id\": \"\",\n      \"url\": \"https://api.github.com/users/Ajeey\",\n      \"html_url\": \"https://github.com/Ajeey\",\n      \"followers_url\": \"https://api.github.com/users/Ajeey/followers\",\n      \"following_url\": \"https://api.github.com/users/Ajeey/following{/other_user}\",\n      \"gists_url\": \"https://api.github.com/users/Ajeey/gists{/gist_id}\",\n      \"starred_url\": \"https://api.github.com/users/Ajeey/starred{/owner}{/repo}\",\n      \"subscriptions_url\": \"https://api.github.com/users/Ajeey/subscriptions\",\n      \"organizations_url\": \"https://api.github.com/users/Ajeey/orgs\",\n      \"repos_url\": \"https://api.github.com/users/Ajeey/repos\",\n      \"events_url\": \"https://api.github.com/users/Ajeey/events{/privacy}\",\n      \"received_events_url\": \"https://api.github.com/users/Ajeey/received_events\",\n      \"type\": \"User\",\n      \"site_admin\": false\n    },\n    \"private\": false,\n    \"html_url\": \"https://github.com/Ajeey/backbone-app\",\n    \"description\": \"Single page backbone app\",\n    \"fork\": false,\n    \"url\": \"https://api.github.com/repos/Ajeey/backbone-app\",\n    \"forks_url\": \"https://api.github.com/repos/Ajeey/backbone-app/forks\",\n    \"keys_url\": \"https://api.github.com/repos/Ajeey/backbone-app/keys{/key_id}\",\n    \"collaborators_url\": \"https://api.github.com/repos/Ajeey/backbone-app/collaborators{/collaborator}\",\n    \"teams_url\": \"https://api.github.com/repos/Ajeey/backbone-app/teams\",\n    \"hooks_url\": \"https://api.github.com/repos/Ajeey/backbone-app/hooks\",\n    \"issue_events_url\": \"https://api.github.com/repos/Ajeey/backbone-app/issues/events{/number}\",\n    \"events_url\": \"https://api.github.com/repos/Ajeey/backbone-app/events\",\n    \"assignees_url\": \"https://api.github.com/repos/Ajeey/backbone-app/assignees{/user}\",\n    \"branches_url\": \"https://api.github.com/repos/Ajeey/backbone-app/branches{/branch}\",\n    \"tags_url\": \"https://api.github.com/repos/Ajeey/backbone-app/tags\",\n    \"blobs_url\": \"https://api.github.com/repos/Ajeey/backbone-app/git/blobs{/sha}\",\n    \"git_tags_url\": \"https://api.github.com/repos/Ajeey/backbone-app/git/tags{/sha}\",\n    \"git_refs_url\": \"https://api.github.com/repos/Ajeey/backbone-app/git/refs{/sha}\",\n    \"trees_url\": \"https://api.github.com/repos/Ajeey/backbone-app/git/trees{/sha}\",\n    \"statuses_url\": \"https://api.github.com/repos/Ajeey/backbone-app/statuses/{sha}\",\n    \"languages_url\": \"https://api.github.com/repos/Ajeey/backbone-app/languages\",\n    \"stargazers_url\": \"https://api.github.com/repos/Ajeey/backbone-app/stargazers\",\n    \"contributors_url\": \"https://api.github.com/repos/Ajeey/backbone-app/contributors\",\n    \"subscribers_url\": \"https://api.github.com/repos/Ajeey/backbone-app/subscribers\",\n    \"subscription_url\": \"https://api.github.com/repos/Ajeey/backbone-app/subscription\",\n    \"commits_url\": \"https://api.github.com/repos/Ajeey/backbone-app/commits{/sha}\",\n    \"git_commits_url\": \"https://api.github.com/repos/Ajeey/backbone-app/git/commits{/sha}\",\n    \"comments_url\": \"https://api.github.com/repos/Ajeey/backbone-app/comments{/number}\",\n    \"issue_comment_url\": \"https://api.github.com/repos/Ajeey/backbone-app/issues/comments{/number}\",\n    \"contents_url\": \"https://api.github.com/repos/Ajeey/backbone-app/contents/{+path}\",\n    \"compare_url\": \"https://api.github.com/repos/Ajeey/backbone-app/compare/{base}...{head}\",\n    \"merges_url\": \"https://api.github.com/repos/Ajeey/backbone-app/merges\",\n    \"archive_url\": \"https://api.github.com/repos/Ajeey/backbone-app/{archive_format}{/ref}\",\n    \"downloads_url\": \"https://api.github.com/repos/Ajeey/backbone-app/downloads\",\n    \"issues_url\": \"https://api.github.com/repos/Ajeey/backbone-app/issues{/number}\",\n    \"pulls_url\": \"https://api.github.com/repos/Ajeey/backbone-app/pulls{/number}\",\n    \"milestones_url\": \"https://api.github.com/repos/Ajeey/backbone-app/milestones{/number}\",\n    \"notifications_url\": \"https://api.github.com/repos/Ajeey/backbone-app/notifications{?since,all,participating}\",\n    \"labels_url\": \"https://api.github.com/repos/Ajeey/backbone-app/labels{/name}\",\n    \"releases_url\": \"https://api.github.com/repos/Ajeey/backbone-app/releases{/id}\",\n    \"deployments_url\": \"https://api.github.com/repos/Ajeey/backbone-app/deployments\",\n    \"created_at\": \"2013-12-12T18:42:39Z\",\n    \"updated_at\": \"2013-12-12T18:44:22Z\",\n    \"pushed_at\": \"2013-12-12T18:44:22Z\",\n    \"git_url\": \"git://github.com/Ajeey/backbone-app.git\",\n    \"ssh_url\": \"git@github.com:Ajeey/backbone-app.git\",\n    \"clone_url\": \"https://github.com/Ajeey/backbone-app.git\",\n    \"svn_url\": \"https://github.com/Ajeey/backbone-app\",\n    \"homepage\": null,\n    \"size\": 108,\n    \"stargazers_count\": 0,\n    \"watchers_count\": 0,\n    \"language\": null,\n    \"has_issues\": true,\n    \"has_downloads\": true,\n    \"has_wiki\": true,\n    \"has_pages\": false,\n    \"forks_count\": 0,\n    \"mirror_url\": null,\n    \"open_issues_count\": 0,\n    \"forks\": 0,\n    \"open_issues\": 0,\n    \"watchers\": 0,\n    \"default_branch\": \"master\"\n  }];\n","l":{"1":1}},
"/source/app/home/github.service.ts":{"path":"/source/app/home/github.service.ts","statementMap":{"1":{"start":{"line":1,"column":0},"end":{"line":1,"column":43}},"2":{"start":{"line":2,"column":0},"end":{"line":2,"column":37}},"3":{"start":{"line":4,"column":0},"end":{"line":4,"column":35}},"4":{"start":{"line":7,"column":0},"end":{"line":64,"column":1}},"5":{"start":{"line":9,"column":4},"end":{"line":9,"column":39}},"6":{"start":{"line":9,"column":25},"end":{"line":9,"column":35}},"7":{"start":{"line":11,"column":4},"end":{"line":14,"column":5}},"8":{"start":{"line":13,"column":8},"end":{"line":13,"column":103}},"9":{"start":{"line":16,"column":4},"end":{"line":18,"column":5}},"10":{"start":{"line":17,"column":8},"end":{"line":17,"column":51}},"11":{"start":{"line":20,"column":4},"end":{"line":22,"column":5}},"12":{"start":{"line":21,"column":8},"end":{"line":21,"column":153}},"13":{"start":{"line":24,"column":4},"end":{"line":28,"column":5}},"14":{"start":{"line":25,"column":8},"end":{"line":27,"column":49}},"15":{"start":{"line":30,"column":4},"end":{"line":34,"column":5}},"16":{"start":{"line":31,"column":8},"end":{"line":33,"column":49}},"17":{"start":{"line":36,"column":4},"end":{"line":40,"column":5}},"18":{"start":{"line":37,"column":8},"end":{"line":39,"column":41}},"19":{"start":{"line":42,"column":12},"end":{"line":45,"column":5}},"20":{"start":{"line":43,"column":8},"end":{"line":43,"column":35}},"21":{"start":{"line":44,"column":8},"end":{"line":44,"column":37}},"22":{"start":{"line":47,"column":12},"end":{"line":49,"column":5}},"23":{"start":{"line":48,"column":8},"end":{"line":48,"column":27}},"24":{"start":{"line":51,"column":12},"end":{"line":54,"column":5}},"25":{"start":{"line":52,"column":8},"end":{"line":52,"column":35}},"26":{"start":{"line":53,"column":8},"end":{"line":53,"column":27}},"27":{"start":{"line":56,"column":12},"end":{"line":61,"column":5}},"28":{"start":{"line":57,"column":8},"end":{"line":58,"column":80}},"29":{"start":{"line":59,"column":8},"end":{"line":59,"column":30}},"30":{"start":{"line":60,"column":8},"end":{"line":60,"column":40}},"31":{"start":{"line":6,"column":0},"end":{"line":6,"column":13}},"32":{"start":{"line":64,"column":0},"end":{"line":64,"column":1}},"33":{"start":{"line":7,"column":13},"end":{"line":64,"column":1}}},"fnMap":{"1":{"name":"(anonymous_3)","line":7,"loc":{"start":{"line":7,"column":0},"end":{"line":null,"column":-1}}},"2":{"name":"GithubSearchService","line":9,"loc":{"start":{"line":9,"column":4},"end":{"line":9,"column":35}}},"3":{"name":"(anonymous_5)","line":11,"loc":{"start":{"line":11,"column":4},"end":{"line":11,"column":36}}},"4":{"name":"(anonymous_6)","line":16,"loc":{"start":{"line":16,"column":4},"end":{"line":null,"column":-1}}},"5":{"name":"(anonymous_7)","line":20,"loc":{"start":{"line":20,"column":4},"end":{"line":null,"column":-1}}},"6":{"name":"(anonymous_8)","line":24,"loc":{"start":{"line":24,"column":4},"end":{"line":24,"column":44}}},"7":{"name":"(anonymous_9)","line":30,"loc":{"start":{"line":30,"column":4},"end":{"line":null,"column":-1}}},"8":{"name":"(anonymous_10)","line":36,"loc":{"start":{"line":36,"column":4},"end":{"line":null,"column":-1}}},"9":{"name":"(anonymous_11)","line":42,"loc":{"start":{"line":42,"column":4},"end":{"line":42,"column":35}}},"10":{"name":"(anonymous_12)","line":47,"loc":{"start":{"line":47,"column":4},"end":{"line":47,"column":26}}},"11":{"name":"(anonymous_13)","line":51,"loc":{"start":{"line":51,"column":4},"end":{"line":51,"column":31}}},"12":{"name":"(anonymous_14)","line":56,"loc":{"start":{"line":56,"column":4},"end":{"line":56,"column":30}}}},"branchMap":{"1":{"line":53,"type":"binary-expr","locations":[{"start":{"line":53,"column":15},"end":{"line":53,"column":19}},{"start":{"line":53,"column":23},"end":{"line":53,"column":26}}]},"2":{"line":57,"type":"cond-expr","locations":[{"start":{"line":57,"column":39},"end":{"line":57,"column":52}},{"start":{"line":58,"column":8},"end":{"line":58,"column":79}}]},"3":{"line":58,"type":"cond-expr","locations":[{"start":{"line":58,"column":26},"end":{"line":58,"column":62}},{"start":{"line":58,"column":65},"end":{"line":58,"column":79}}]}},"s":{"1":1,"2":1,"3":1,"4":1,"5":1,"6":4,"7":1,"8":3,"9":1,"10":0,"11":1,"12":0,"13":1,"14":2,"15":1,"16":0,"17":1,"18":0,"19":1,"20":0,"21":0,"22":1,"23":0,"24":1,"25":2,"26":2,"27":1,"28":1,"29":1,"30":1,"31":1,"32":1,"33":1},"b":{"1":[2,0],"2":[1,0],"3":[0,0]},"f":{"1":1,"2":4,"3":3,"4":0,"5":0,"6":2,"7":0,"8":0,"9":0,"10":0,"11":2,"12":1},"code":"import { Injectable } from '@angular/core';\nimport { Http } from '@angular/http';\n\nimport {Observable} from 'rxjs/Rx';\n\n@Injectable() \nexport class GithubSearchService {\n    \n    constructor (private http: Http) {}\n\n    formRepoUrl(language, pageNumber) {\n        // return `https://api.github.com/users/${username}/repos`; // Tempate strings yay!\n        return `https://api.github.com/search/repositories?q=+language:${language}&page=${pageNumber}`; // Tempate strings yay!\n    }\n\n    getRateLimitUrl() {\n        return \"https://api.github.com/rate_limit\";\n    }\n\n    langaugeTagsUrl() {\n        return \"https://gist.githubusercontent.com/mayurah/5a4d45d12615d52afc4d1c126e04c796/raw/ccbba9bb09312ae66cf85b037bafc670356cf2c9/languages.json\";\n    }\n\n    getReposByUsername (language, pageNumber): Observable<any> {\n        return this.http.get(this.formRepoUrl(language, pageNumber))\n                        .map(this.parseRepos)\n                        .catch(this.handleError);\n    }\n\n    getLanguageTags() {\n        return this.http.get(this.langaugeTagsUrl())\n                        .map(this.parseTags)\n                        .catch(this.handleError);\n    }\n\n    getApiRateLimit() {\n        return this.http.get(this.getRateLimitUrl())\n                .map(this.parseRateLimit)\n                .catch(this.handleError);\n    }\n\n    private parseRateLimit(response) {\n        let body = response.json();\n        return body.resources.search;\n    }\n\n    private parseTags(tags) {\n        return tags.json();\n    }\n\n    private parseRepos(response) {\n        let body = response.json();\n        return body || { };\n    }\n\n    private handleError (error) {\n        let errMsg = (error.message) ? error.message :\n        error.status ? `${error.status} - ${error.statusText}` : 'Server error';\n        console.error(errMsg);\n        return Observable.throw(errMsg);\n    }\n\n    \n}\n","l":{"1":1,"2":1,"4":1,"6":1,"7":1,"9":4,"11":1,"13":3,"16":1,"17":0,"20":1,"21":0,"24":1,"25":2,"30":1,"31":0,"36":1,"37":0,"42":1,"43":0,"44":0,"47":1,"48":0,"51":1,"52":2,"53":2,"56":1,"57":1,"59":1,"60":1,"64":1}},
"/source/app/app.component.ts":{"path":"/source/app/app.component.ts","statementMap":{"1":{"start":{"line":1,"column":0},"end":{"line":1,"column":40}},"2":{"start":{"line":2,"column":0},"end":{"line":2,"column":58}},"3":{"start":{"line":3,"column":0},"end":{"line":3,"column":52}},"4":{"start":{"line":4,"column":0},"end":{"line":4,"column":58}},"5":{"start":{"line":5,"column":0},"end":{"line":5,"column":35}},"6":{"start":{"line":12,"column":0},"end":{"line":20,"column":1}},"7":{"start":{"line":16,"column":4},"end":{"line":19,"column":5}},"8":{"start":{"line":17,"column":8},"end":{"line":17,"column":49}},"9":{"start":{"line":18,"column":8},"end":{"line":18,"column":49}},"10":{"start":{"line":7,"column":0},"end":{"line":11,"column":2}},"11":{"start":{"line":20,"column":0},"end":{"line":20,"column":1}},"12":{"start":{"line":12,"column":13},"end":{"line":20,"column":1}}},"fnMap":{"1":{"name":"(anonymous_3)","line":12,"loc":{"start":{"line":12,"column":0},"end":{"line":null,"column":-1}}},"2":{"name":"AppComponent","line":16,"loc":{"start":{"line":16,"column":4},"end":{"line":null,"column":-1}}}},"branchMap":{},"s":{"1":1,"2":1,"3":1,"4":1,"5":1,"6":1,"7":1,"8":2,"9":2,"10":1,"11":1,"12":1},"b":{},"f":{"1":1,"2":2},"code":"import {Component} from '@angular/core';\nimport {NavbarComponent} from './navbar/navbar.component';\nimport {HomeComponent} from './home/home.component';\nimport {FooterComponent} from './footer/footer.component';\nimport {CONSTANTS} from './shared';\n\n@Component({\n    selector: 'as-myapp',\n    templateUrl: 'app/app.html',\n    directives: [NavbarComponent, HomeComponent, FooterComponent]\n})\nexport class AppComponent {\n    public appBrand: string;\n    public appTag: string;\n\n    constructor() {\n        this.appBrand = CONSTANTS.MAIN.APP.BRAND;\n        this.appTag = CONSTANTS.MAIN.APP.TAGLINE;\n    }\n}\n","l":{"1":1,"2":1,"3":1,"4":1,"5":1,"7":1,"12":1,"16":1,"17":2,"18":2,"20":1}},
"/source/app/home/home.component.ts":{"path":"/source/app/home/home.component.ts","statementMap":{"1":{"start":{"line":1,"column":0},"end":{"line":1,"column":69}},"2":{"start":{"line":2,"column":0},"end":{"line":2,"column":34}},"3":{"start":{"line":3,"column":0},"end":{"line":3,"column":55}},"4":{"start":{"line":4,"column":0},"end":{"line":4,"column":38}},"5":{"start":{"line":17,"column":0},"end":{"line":190,"column":1}},"6":{"start":{"line":39,"column":4},"end":{"line":42,"column":5}},"7":{"start":{"line":39,"column":24},"end":{"line":39,"column":64}},"8":{"start":{"line":18,"column":11},"end":{"line":18,"column":34}},"9":{"start":{"line":19,"column":11},"end":{"line":19,"column":42}},"10":{"start":{"line":20,"column":11},"end":{"line":20,"column":41}},"11":{"start":{"line":24,"column":11},"end":{"line":24,"column":34}},"12":{"start":{"line":25,"column":11},"end":{"line":25,"column":37}},"13":{"start":{"line":26,"column":11},"end":{"line":26,"column":36}},"14":{"start":{"line":27,"column":11},"end":{"line":27,"column":26}},"15":{"start":{"line":28,"column":11},"end":{"line":28,"column":25}},"16":{"start":{"line":29,"column":11},"end":{"line":29,"column":26}},"17":{"start":{"line":30,"column":11},"end":{"line":30,"column":31}},"18":{"start":{"line":31,"column":11},"end":{"line":31,"column":30}},"19":{"start":{"line":34,"column":11},"end":{"line":34,"column":34}},"20":{"start":{"line":35,"column":11},"end":{"line":35,"column":34}},"21":{"start":{"line":40,"column":8},"end":{"line":40,"column":37}},"22":{"start":{"line":41,"column":8},"end":{"line":41,"column":42}},"23":{"start":{"line":44,"column":4},"end":{"line":48,"column":5}},"24":{"start":{"line":45,"column":8},"end":{"line":45,"column":29}},"25":{"start":{"line":46,"column":8},"end":{"line":46,"column":26}},"26":{"start":{"line":47,"column":8},"end":{"line":47,"column":41}},"27":{"start":{"line":50,"column":4},"end":{"line":56,"column":5}},"28":{"start":{"line":51,"column":8},"end":{"line":55,"column":26}},"29":{"start":{"line":58,"column":4},"end":{"line":62,"column":5}},"30":{"start":{"line":59,"column":8},"end":{"line":59,"column":32}},"31":{"start":{"line":60,"column":8},"end":{"line":60,"column":26}},"32":{"start":{"line":61,"column":8},"end":{"line":61,"column":41}},"33":{"start":{"line":64,"column":4},"end":{"line":67,"column":5}},"34":{"start":{"line":65,"column":8},"end":{"line":65,"column":24}},"35":{"start":{"line":66,"column":8},"end":{"line":66,"column":32}},"36":{"start":{"line":69,"column":4},"end":{"line":87,"column":5}},"37":{"start":{"line":70,"column":8},"end":{"line":70,"column":52}},"38":{"start":{"line":71,"column":8},"end":{"line":71,"column":40}},"39":{"start":{"line":72,"column":8},"end":{"line":72,"column":43}},"40":{"start":{"line":74,"column":8},"end":{"line":74,"column":29}},"41":{"start":{"line":76,"column":8},"end":{"line":81,"column":9}},"42":{"start":{"line":77,"column":12},"end":{"line":77,"column":32}},"43":{"start":{"line":79,"column":12},"end":{"line":79,"column":33}},"44":{"start":{"line":80,"column":12},"end":{"line":80,"column":35}},"45":{"start":{"line":83,"column":8},"end":{"line":83,"column":30}},"46":{"start":{"line":84,"column":8},"end":{"line":84,"column":33}},"47":{"start":{"line":86,"column":8},"end":{"line":86,"column":30}},"48":{"start":{"line":89,"column":4},"end":{"line":91,"column":5}},"49":{"start":{"line":90,"column":8},"end":{"line":90,"column":27}},"50":{"start":{"line":93,"column":4},"end":{"line":99,"column":5}},"51":{"start":{"line":94,"column":8},"end":{"line":98,"column":34}},"52":{"start":{"line":101,"column":4},"end":{"line":104,"column":5}},"53":{"start":{"line":102,"column":8},"end":{"line":102,"column":45}},"54":{"start":{"line":103,"column":8},"end":{"line":103,"column":58}},"55":{"start":{"line":106,"column":4},"end":{"line":108,"column":5}},"56":{"start":{"line":107,"column":8},"end":{"line":107,"column":66}},"57":{"start":{"line":110,"column":4},"end":{"line":115,"column":5}},"58":{"start":{"line":111,"column":8},"end":{"line":111,"column":59}},"59":{"start":{"line":112,"column":8},"end":{"line":112,"column":48}},"60":{"start":{"line":113,"column":8},"end":{"line":113,"column":67}},"61":{"start":{"line":114,"column":8},"end":{"line":114,"column":69}},"62":{"start":{"line":117,"column":4},"end":{"line":123,"column":5}},"63":{"start":{"line":118,"column":8},"end":{"line":118,"column":30}},"64":{"start":{"line":119,"column":8},"end":{"line":119,"column":28}},"65":{"start":{"line":120,"column":8},"end":{"line":120,"column":29}},"66":{"start":{"line":121,"column":8},"end":{"line":121,"column":26}},"67":{"start":{"line":122,"column":8},"end":{"line":122,"column":27}},"68":{"start":{"line":126,"column":4},"end":{"line":131,"column":5}},"69":{"start":{"line":127,"column":7},"end":{"line":129,"column":11}},"70":{"start":{"line":128,"column":12},"end":{"line":128,"column":50}},"71":{"start":{"line":133,"column":4},"end":{"line":141,"column":5}},"72":{"start":{"line":134,"column":8},"end":{"line":137,"column":11}},"73":{"start":{"line":136,"column":12},"end":{"line":136,"column":67}},"74":{"start":{"line":139,"column":8},"end":{"line":139,"column":36}},"75":{"start":{"line":140,"column":8},"end":{"line":140,"column":36}},"76":{"start":{"line":143,"column":4},"end":{"line":153,"column":5}},"77":{"start":{"line":144,"column":8},"end":{"line":147,"column":11}},"78":{"start":{"line":146,"column":12},"end":{"line":146,"column":67}},"79":{"start":{"line":149,"column":8},"end":{"line":149,"column":32}},"80":{"start":{"line":151,"column":8},"end":{"line":151,"column":35}},"81":{"start":{"line":152,"column":8},"end":{"line":152,"column":37}},"82":{"start":{"line":155,"column":4},"end":{"line":159,"column":5}},"83":{"start":{"line":156,"column":8},"end":{"line":156,"column":48}},"84":{"start":{"line":157,"column":8},"end":{"line":157,"column":47}},"85":{"start":{"line":158,"column":8},"end":{"line":158,"column":79}},"86":{"start":{"line":161,"column":4},"end":{"line":189,"column":5}},"87":{"start":{"line":162,"column":8},"end":{"line":162,"column":24}},"88":{"start":{"line":165,"column":8},"end":{"line":176,"column":22}},"89":{"start":{"line":166,"column":12},"end":{"line":166,"column":37}},"90":{"start":{"line":167,"column":12},"end":{"line":173,"column":15}},"91":{"start":{"line":170,"column":20},"end":{"line":170,"column":47}},"92":{"start":{"line":171,"column":20},"end":{"line":171,"column":52}},"93":{"start":{"line":175,"column":12},"end":{"line":175,"column":66}},"94":{"start":{"line":179,"column":8},"end":{"line":188,"column":11}},"95":{"start":{"line":185,"column":16},"end":{"line":185,"column":45}},"96":{"start":{"line":186,"column":16},"end":{"line":186,"column":49}},"97":{"start":{"line":8,"column":0},"end":{"line":16,"column":2}},"98":{"start":{"line":190,"column":0},"end":{"line":190,"column":1}},"99":{"start":{"line":17,"column":13},"end":{"line":190,"column":1}}},"fnMap":{"1":{"name":"(anonymous_3)","line":17,"loc":{"start":{"line":17,"column":0},"end":{"line":null,"column":-1}}},"2":{"name":"HomeComponent","line":39,"loc":{"start":{"line":39,"column":4},"end":{"line":39,"column":88}}},"3":{"name":"(anonymous_5)","line":44,"loc":{"start":{"line":44,"column":4},"end":{"line":null,"column":-1}}},"4":{"name":"(anonymous_6)","line":50,"loc":{"start":{"line":50,"column":4},"end":{"line":50,"column":25}}},"5":{"name":"(anonymous_7)","line":58,"loc":{"start":{"line":58,"column":4},"end":{"line":null,"column":-1}}},"6":{"name":"(anonymous_8)","line":64,"loc":{"start":{"line":64,"column":4},"end":{"line":null,"column":-1}}},"7":{"name":"(anonymous_9)","line":69,"loc":{"start":{"line":69,"column":4},"end":{"line":69,"column":17}}},"8":{"name":"(anonymous_10)","line":89,"loc":{"start":{"line":89,"column":4},"end":{"line":89,"column":15}}},"9":{"name":"(anonymous_11)","line":93,"loc":{"start":{"line":93,"column":4},"end":{"line":null,"column":-1}}},"10":{"name":"(anonymous_12)","line":101,"loc":{"start":{"line":101,"column":4},"end":{"line":101,"column":29}}},"11":{"name":"(anonymous_13)","line":106,"loc":{"start":{"line":106,"column":4},"end":{"line":106,"column":26}}},"12":{"name":"(anonymous_14)","line":110,"loc":{"start":{"line":110,"column":4},"end":{"line":null,"column":-1}}},"13":{"name":"(anonymous_15)","line":117,"loc":{"start":{"line":117,"column":4},"end":{"line":null,"column":-1}}},"14":{"name":"(anonymous_16)","line":126,"loc":{"start":{"line":126,"column":4},"end":{"line":126,"column":27}}},"15":{"name":"(anonymous_17)","line":127,"loc":{"start":{"line":127,"column":47},"end":{"line":127,"column":60}}},"16":{"name":"(anonymous_18)","line":133,"loc":{"start":{"line":133,"column":4},"end":{"line":null,"column":-1}}},"17":{"name":"(anonymous_19)","line":134,"loc":{"start":{"line":134,"column":45},"end":{"line":134,"column":66}}},"18":{"name":"(anonymous_20)","line":143,"loc":{"start":{"line":143,"column":4},"end":{"line":null,"column":-1}}},"19":{"name":"(anonymous_21)","line":144,"loc":{"start":{"line":144,"column":45},"end":{"line":144,"column":66}}},"20":{"name":"(anonymous_22)","line":155,"loc":{"start":{"line":155,"column":4},"end":{"line":155,"column":27}}},"21":{"name":"(anonymous_23)","line":161,"loc":{"start":{"line":161,"column":4},"end":{"line":null,"column":-1}}},"22":{"name":"(anonymous_24)","line":165,"loc":{"start":{"line":165,"column":61},"end":{"line":165,"column":74}}},"23":{"name":"(anonymous_25)","line":169,"loc":{"start":{"line":169,"column":24},"end":{"line":169,"column":43}}},"24":{"name":"(anonymous_26)","line":174,"loc":{"start":{"line":174,"column":22},"end":{"line":174,"column":36}}},"25":{"name":"(anonymous_27)","line":184,"loc":{"start":{"line":184,"column":19},"end":{"line":184,"column":30}}}},"branchMap":{"1":{"line":76,"type":"if","locations":[{"start":{"line":76,"column":8},"end":{"line":76,"column":7}},{"start":{"line":76,"column":8},"end":{"line":76,"column":7}}]}},"s":{"1":1,"2":1,"3":1,"4":1,"5":1,"6":1,"7":0,"8":0,"9":0,"10":0,"11":0,"12":0,"13":0,"14":0,"15":0,"16":0,"17":0,"18":0,"19":0,"20":0,"21":0,"22":0,"23":1,"24":0,"25":0,"26":0,"27":1,"28":0,"29":1,"30":0,"31":0,"32":0,"33":1,"34":0,"35":0,"36":1,"37":0,"38":0,"39":0,"40":0,"41":0,"42":0,"43":0,"44":0,"45":0,"46":0,"47":0,"48":1,"49":0,"50":1,"51":0,"52":1,"53":0,"54":0,"55":1,"56":0,"57":1,"58":0,"59":0,"60":0,"61":0,"62":1,"63":0,"64":0,"65":0,"66":0,"67":0,"68":1,"69":0,"70":0,"71":1,"72":0,"73":0,"74":0,"75":0,"76":1,"77":0,"78":0,"79":0,"80":0,"81":0,"82":1,"83":0,"84":0,"85":0,"86":1,"87":0,"88":0,"89":0,"90":0,"91":0,"92":0,"93":0,"94":0,"95":0,"96":0,"97":1,"98":1,"99":1},"b":{"1":[0,0]},"f":{"1":1,"2":0,"3":0,"4":0,"5":0,"6":0,"7":0,"8":0,"9":0,"10":0,"11":0,"12":0,"13":0,"14":0,"15":0,"16":0,"17":0,"18":0,"19":0,"20":0,"21":0,"22":0,"23":0,"24":0,"25":0},"code":"import { Component, ElementRef, AfterViewInit } from '@angular/core';\nimport { Search } from './search';\nimport { GithubSearchService } from './github.service';\nimport { CONSTANTS } from '../shared';\n\ndeclare var $:any;\n\n@Component({\n    selector: 'as-home',\n    templateUrl: 'app/home/home.html',\n    styleUrls: [\n        'app/home/home.css'\n    ],\n   directives: [  ],\n    providers: [ GithubSearchService ]\n})\nexport class HomeComponent implements AfterViewInit {\n    public repos: Array<any> = [];\n    public originalRepos: Array<any> = [];\n    public languageTags: Array<any> = [];\n\n    public elementRef: ElementRef;\n    public strings;\n    public model = new Search('');\n    public fetching: Boolean = false;\n    public isError: Boolean = false;\n    public isEmpty = null;\n    public repoCount = 0;\n    public pageNumber = 1;\n    public loadingMore = false;\n    public maxStarCount = 100;\n    public sliderMaxCount;\n    public starSlider;\n    public sortedByHighest = true;\n    public sortedByLowest = false;\n    public totalRateLimit;\n    public totalRateLimitRemaining;\n    \n    constructor(private githubSearchService: GithubSearchService, elementRef: ElementRef) {\n        this.elementRef = elementRef;\n        this.strings = CONSTANTS.MAIN.APP;\n    }\n\n    onSubmit() { \n        this.fetching = true;\n        this.clearRepos();\n        this.fetchRepos(this.pageNumber);\n    }\n\n    fetchRepos(pageNumber) {\n        this.githubSearchService.getReposByUsername(this.model.text, pageNumber)\n                        .subscribe(\n                            this.success.bind(this),\n                            this.error.bind(this)\n                        );\n    }\n\n    fetchNextPage() {\n        this.loadingMore = true;\n        this.pageNumber++;\n        this.fetchRepos(this.pageNumber);\n    }\n\n    clearRepos() {\n        this.repos = [];\n        this.originalRepos = [];\n    }\n\n    success(repos) {\n        this.repos = this.repos.concat(repos.items);\n        this.originalRepos = this.repos;\n        this.repoCount = repos.total_count;\n        \n        this.isError = false;\n\n        if(repos.length === 0) {\n            this.isEmpty = true;\n        } else {\n            this.isEmpty = false;\n            this.getMaxStarCount();\n        }\n\n        this.fetching = false;\n        this.loadingMore = false;\n\n        this.fetchRateLimit();\n    }\n\n    error(error) {\n        this.handleError();\n    }\n\n    fetchRateLimit() {\n        this.githubSearchService.getApiRateLimit()\n                                .subscribe(\n                                    this.rateLimitSuccess.bind(this),\n                                    this.rateLimitFailure.bind(this)\n                                );\n    }\n\n    rateLimitSuccess(response) {\n        this.totalRateLimit = response.limit;\n        this.totalRateLimitRemaining = response.remaining;\n    }\n\n    rateLimitFailure(error) {\n        console.error(\"Could not get rate limit response\", error);\n    }\n\n    getMaxStarCount() {\n        this.maxStarCount = this.repos[0].stargazers_count;\n        this.sliderMaxCount = this.maxStarCount;\n        this.starSlider.slider(\"option\", \"max\", this.maxStarCount);\n        this.starSlider.slider(\"option\", \"value\", this.maxStarCount);\n    }\n\n    handleError() {\n        this.fetching = false;\n        this.isError = true;\n        this.isEmpty = false;\n        this.repos = null;\n        this.repoCount = 0;\n    }\n\n    // Slider Range Change detection\n    filterReposByStar(stars) {\n       this.repos =  this.originalRepos.filter(function(repo) {\n            return repo.stargazers_count <= stars;\n        });\n\n    }\n\n    sortByHighest() {\n        this.repos = this.originalRepos.sort(function(item1, item2):any {\n            // return item1.stargazers_count >= item2.stargazers_count;\n            return item2.stargazers_count - item1.stargazers_count; \n        });\n\n        this.sortedByHighest = true;\n        this.sortedByLowest = false;\n    }\n\n    sortByLowest() {\n        this.repos = this.originalRepos.sort(function(item1, item2):any {\n            // return item1.stargazers_count >= item2.stargazers_count;\n            return item1.stargazers_count - item2.stargazers_count;\n        });\n\n        console.log(this.repos);\n\n        this.sortedByLowest = true;\n        this.sortedByHighest = false;\n    }\n\n    toggleFilterContainer(e) {\n        let currentElement = $(e.currentTarget);\n        currentElement.toggleClass(\"up-arrow\");\n        $(this.elementRef.nativeElement).find(\".filter-options\").slideToggle();\n    }\n\n    ngAfterViewInit() {\n        let self = this;\n        \n        // Init Autocomplete\n        this.githubSearchService.getLanguageTags().subscribe(function(tags){\n            this.languageTags = tags;\n            $(this.elementRef.nativeElement).find(\".search-text\").autocomplete({\n                source: this.languageTags,\n                select: function( event, ui ) {\n                    console.log(ui.item.value);\n                    self.model.text = ui.item.value; \n                }\n            });\n        }.bind(this), function(error){\n            console.error(\"Could not fetch language tags\", error);\n        }.bind(this));\n\n        // Initialize Slider\n        this.starSlider = $(this.elementRef.nativeElement).find(\"#slider\").slider({\n            range: false,\n            min: 0,\n            max: 20000,\n            value: this.maxStarCount,\n            slide: ( event, ui ) => {\n                this.maxStarCount = ui.value;\n                this.filterReposByStar(ui.value);\n            }\n        });\n    }\n}\n","l":{"1":1,"2":1,"3":1,"4":1,"8":1,"17":1,"18":0,"19":0,"20":0,"24":0,"25":0,"26":0,"27":0,"28":0,"29":0,"30":0,"31":0,"34":0,"35":0,"39":1,"40":0,"41":0,"44":1,"45":0,"46":0,"47":0,"50":1,"51":0,"58":1,"59":0,"60":0,"61":0,"64":1,"65":0,"66":0,"69":1,"70":0,"71":0,"72":0,"74":0,"76":0,"77":0,"79":0,"80":0,"83":0,"84":0,"86":0,"89":1,"90":0,"93":1,"94":0,"101":1,"102":0,"103":0,"106":1,"107":0,"110":1,"111":0,"112":0,"113":0,"114":0,"117":1,"118":0,"119":0,"120":0,"121":0,"122":0,"126":1,"127":0,"128":0,"133":1,"134":0,"136":0,"139":0,"140":0,"143":1,"144":0,"146":0,"149":0,"151":0,"152":0,"155":1,"156":0,"157":0,"158":0,"161":1,"162":0,"165":0,"166":0,"167":0,"170":0,"171":0,"175":0,"179":0,"185":0,"186":0,"190":1}},
"/source/app/home/search.ts":{"path":"/source/app/home/search.ts","statementMap":{"1":{"start":{"line":1,"column":0},"end":{"line":6,"column":1}},"2":{"start":{"line":3,"column":4},"end":{"line":5,"column":8}},"3":{"start":{"line":4,"column":15},"end":{"line":4,"column":27}},"4":{"start":{"line":6,"column":0},"end":{"line":6,"column":1}},"5":{"start":{"line":1,"column":13},"end":{"line":6,"column":1}}},"fnMap":{"1":{"name":"(anonymous_1)","line":1,"loc":{"start":{"line":1,"column":0},"end":{"line":null,"column":-1}}},"2":{"name":"Search","line":3,"loc":{"start":{"line":3,"column":4},"end":{"line":4,"column":27}}}},"branchMap":{},"s":{"1":1,"2":1,"3":0,"4":1,"5":1},"b":{},"f":{"1":1,"2":0},"code":"export class Search {\n\n    constructor (\n        public text: string\n    ) {}\n} \n","l":{"1":1,"3":1,"4":0,"6":1}},
"/source/app/shared/index.ts":{"path":"/source/app/shared/index.ts","statementMap":{"1":{"start":{"line":1,"column":0},"end":{"line":1,"column":33}}},"fnMap":{},"branchMap":{},"s":{"1":1},"b":{},"f":{},"code":"export * from './constant/index';\n","l":{"1":1}},
"/source/app/shared/constant/index.ts":{"path":"/source/app/shared/constant/index.ts","statementMap":{"1":{"start":{"line":1,"column":0},"end":{"line":1,"column":30}},"2":{"start":{"line":3,"column":13},"end":{"line":5,"column":2}}},"fnMap":{},"branchMap":{},"s":{"1":1,"2":1},"b":{},"f":{},"code":"import { MAIN } from './main';\n\nexport const CONSTANTS = {\n    MAIN\n};\n","l":{"1":1,"3":1}},
"/source/app/shared/constant/main.ts":{"path":"/source/app/shared/constant/main.ts","statementMap":{"1":{"start":{"line":1,"column":13},"end":{"line":9,"column":2}}},"fnMap":{},"branchMap":{},"s":{"1":1},"b":{},"f":{},"code":"export const MAIN = {\n    APP: {\n        BRAND: 'TopGit',\n        TAGLINE: '- finding the best github projects',\n        ERROR_MSG: 'Sorry could find repos. Try again!',\n        EMPTY_REPOS: 'No Repos!',\n        EXPLORE_PROJECT: 'EXPLORE PROJECT'\n    }\n};\n","l":{"1":1}},
"/source/app/footer/footer.component.ts":{"path":"/source/app/footer/footer.component.ts","statementMap":{"1":{"start":{"line":1,"column":0},"end":{"line":1,"column":40}},"2":{"start":{"line":24,"column":0},"end":{"line":26,"column":1}},"3":{"start":{"line":3,"column":0},"end":{"line":23,"column":2}},"4":{"start":{"line":26,"column":0},"end":{"line":26,"column":1}},"5":{"start":{"line":24,"column":13},"end":{"line":26,"column":1}}},"fnMap":{"1":{"name":"(anonymous_3)","line":24,"loc":{"start":{"line":24,"column":0},"end":{"line":null,"column":-1}}}},"branchMap":{},"s":{"1":1,"2":2,"3":1,"4":1,"5":1},"b":{},"f":{"1":1},"code":"import {Component} from '@angular/core';\n\n@Component({\n    selector: 'as-footer',\n    templateUrl: 'app/footer/footer.html',\n    styles: [`\n        footer {\n            position: fixed;\n            bottom:0;\n            width: 100%;\n            background: rgba(26,32,38,0.9);\n            color: #fff;\n            height: 30px;\n            text-align: center;\n            line-height: 30px;\n        }\n\n        a {\n            color: #FFF;\n            margin: 0 10px;\n        }\n    `]\n})\nexport class FooterComponent {\n    \n}\n","l":{"1":1,"3":1,"24":2,"26":1}}}
