TN:
SF:/source/app/navbar/navbar.component.ts
FN:11,(anonymous_3)
FNF:1
FNH:1
FNDA:2,(anonymous_3)
DA:1,1
DA:2,1
DA:4,1
DA:11,2
DA:12,1
DA:13,1
DA:14,1
LF:7
LH:7
BRF:0
BRH:0
end_of_record
TN:
SF:/source/app/home/mock-repos.ts
FNF:0
FNH:0
DA:1,1
LF:1
LH:1
BRF:0
BRH:0
end_of_record
TN:
SF:/source/app/home/github.service.ts
FN:7,(anonymous_3)
FN:9,GithubSearchService
FN:11,(anonymous_5)
FN:16,(anonymous_6)
FN:20,(anonymous_7)
FN:24,(anonymous_8)
FN:30,(anonymous_9)
FN:36,(anonymous_10)
FN:42,(anonymous_11)
FN:47,(anonymous_12)
FN:51,(anonymous_13)
FN:56,(anonymous_14)
FNF:12
FNH:6
FNDA:1,(anonymous_3)
FNDA:4,GithubSearchService
FNDA:3,(anonymous_5)
FNDA:0,(anonymous_6)
FNDA:0,(anonymous_7)
FNDA:2,(anonymous_8)
FNDA:0,(anonymous_9)
FNDA:0,(anonymous_10)
FNDA:0,(anonymous_11)
FNDA:0,(anonymous_12)
FNDA:2,(anonymous_13)
FNDA:1,(anonymous_14)
DA:1,1
DA:2,1
DA:4,1
DA:6,1
DA:7,1
DA:9,4
DA:11,1
DA:13,3
DA:16,1
DA:17,0
DA:20,1
DA:21,0
DA:24,1
DA:25,2
DA:30,1
DA:31,0
DA:36,1
DA:37,0
DA:42,1
DA:43,0
DA:44,0
DA:47,1
DA:48,0
DA:51,1
DA:52,2
DA:53,2
DA:56,1
DA:57,1
DA:59,1
DA:60,1
DA:64,1
LF:31
LH:24
BRDA:53,1,0,2
BRDA:53,1,1,0
BRDA:57,2,0,1
BRDA:57,2,1,0
BRDA:58,3,0,0
BRDA:58,3,1,0
BRF:6
BRH:2
end_of_record
TN:
SF:/source/app/app.component.ts
FN:12,(anonymous_3)
FN:16,AppComponent
FNF:2
FNH:2
FNDA:1,(anonymous_3)
FNDA:2,AppComponent
DA:1,1
DA:2,1
DA:3,1
DA:4,1
DA:5,1
DA:7,1
DA:12,1
DA:16,1
DA:17,2
DA:18,2
DA:20,1
LF:11
LH:11
BRF:0
BRH:0
end_of_record
TN:
SF:/source/app/home/home.component.ts
FN:17,(anonymous_3)
FN:39,HomeComponent
FN:44,(anonymous_5)
FN:50,(anonymous_6)
FN:58,(anonymous_7)
FN:64,(anonymous_8)
FN:69,(anonymous_9)
FN:89,(anonymous_10)
FN:93,(anonymous_11)
FN:101,(anonymous_12)
FN:106,(anonymous_13)
FN:110,(anonymous_14)
FN:117,(anonymous_15)
FN:126,(anonymous_16)
FN:127,(anonymous_17)
FN:133,(anonymous_18)
FN:134,(anonymous_19)
FN:143,(anonymous_20)
FN:144,(anonymous_21)
FN:155,(anonymous_22)
FN:161,(anonymous_23)
FN:165,(anonymous_24)
FN:169,(anonymous_25)
FN:174,(anonymous_26)
FN:184,(anonymous_27)
FNF:25
FNH:1
FNDA:1,(anonymous_3)
FNDA:0,HomeComponent
FNDA:0,(anonymous_5)
FNDA:0,(anonymous_6)
FNDA:0,(anonymous_7)
FNDA:0,(anonymous_8)
FNDA:0,(anonymous_9)
FNDA:0,(anonymous_10)
FNDA:0,(anonymous_11)
FNDA:0,(anonymous_12)
FNDA:0,(anonymous_13)
FNDA:0,(anonymous_14)
FNDA:0,(anonymous_15)
FNDA:0,(anonymous_16)
FNDA:0,(anonymous_17)
FNDA:0,(anonymous_18)
FNDA:0,(anonymous_19)
FNDA:0,(anonymous_20)
FNDA:0,(anonymous_21)
FNDA:0,(anonymous_22)
FNDA:0,(anonymous_23)
FNDA:0,(anonymous_24)
FNDA:0,(anonymous_25)
FNDA:0,(anonymous_26)
FNDA:0,(anonymous_27)
DA:1,1
DA:2,1
DA:3,1
DA:4,1
DA:8,1
DA:17,1
DA:18,0
DA:19,0
DA:20,0
DA:24,0
DA:25,0
DA:26,0
DA:27,0
DA:28,0
DA:29,0
DA:30,0
DA:31,0
DA:34,0
DA:35,0
DA:39,1
DA:40,0
DA:41,0
DA:44,1
DA:45,0
DA:46,0
DA:47,0
DA:50,1
DA:51,0
DA:58,1
DA:59,0
DA:60,0
DA:61,0
DA:64,1
DA:65,0
DA:66,0
DA:69,1
DA:70,0
DA:71,0
DA:72,0
DA:74,0
DA:76,0
DA:77,0
DA:79,0
DA:80,0
DA:83,0
DA:84,0
DA:86,0
DA:89,1
DA:90,0
DA:93,1
DA:94,0
DA:101,1
DA:102,0
DA:103,0
DA:106,1
DA:107,0
DA:110,1
DA:111,0
DA:112,0
DA:113,0
DA:114,0
DA:117,1
DA:118,0
DA:119,0
DA:120,0
DA:121,0
DA:122,0
DA:126,1
DA:127,0
DA:128,0
DA:133,1
DA:134,0
DA:136,0
DA:139,0
DA:140,0
DA:143,1
DA:144,0
DA:146,0
DA:149,0
DA:151,0
DA:152,0
DA:155,1
DA:156,0
DA:157,0
DA:158,0
DA:161,1
DA:162,0
DA:165,0
DA:166,0
DA:167,0
DA:170,0
DA:171,0
DA:175,0
DA:179,0
DA:185,0
DA:186,0
DA:190,1
LF:97
LH:24
BRDA:76,1,0,0
BRDA:76,1,1,0
BRF:2
BRH:0
end_of_record
TN:
SF:/source/app/home/search.ts
FN:1,(anonymous_1)
FN:3,Search
FNF:2
FNH:1
FNDA:1,(anonymous_1)
FNDA:0,Search
DA:1,1
DA:3,1
DA:4,0
DA:6,1
LF:4
LH:3
BRF:0
BRH:0
end_of_record
TN:
SF:/source/app/shared/index.ts
FNF:0
FNH:0
DA:1,1
LF:1
LH:1
BRF:0
BRH:0
end_of_record
TN:
SF:/source/app/shared/constant/index.ts
FNF:0
FNH:0
DA:1,1
DA:3,1
LF:2
LH:2
BRF:0
BRH:0
end_of_record
TN:
SF:/source/app/shared/constant/main.ts
FNF:0
FNH:0
DA:1,1
LF:1
LH:1
BRF:0
BRH:0
end_of_record
TN:
SF:/source/app/footer/footer.component.ts
FN:24,(anonymous_3)
FNF:1
FNH:1
FNDA:1,(anonymous_3)
DA:1,1
DA:3,1
DA:24,2
DA:26,1
LF:4
LH:4
BRF:0
BRH:0
end_of_record
